21:47:37 [Test worker] INFO  manager.ApplicationManager - Tests starts on FireFox Driver
21:47:54 [Test worker] INFO  manager.ApplicationManager - Navigate to link ---> https://ilcarro.xyz/search
21:47:54 [Test worker] INFO  test.TestBase - Start test -->test2
21:47:54 [Test worker] INFO  manager.MyListener - start search element by locator --->By.xpath: //a[text()=' Log in ']
21:47:54 [Test worker] INFO  manager.MyListener - The element with locator ---> By.xpath: //a[text()=' Log in ']was found
21:47:54 [Test worker] INFO  manager.NgListener - Start of test --->test2
21:47:54 [Test worker] INFO  manager.MyListener - start search element by locator --->By.xpath: //a[text()=' Log in ']
21:47:54 [Test worker] INFO  manager.MyListener - The element with locator ---> By.xpath: //a[text()=' Log in ']was found
21:47:55 [Test worker] INFO  manager.MyListener - start search element by locator --->By.id: email
21:47:55 [Test worker] INFO  manager.MyListener - The element with locator ---> By.id: emailwas found
21:47:56 [Test worker] INFO  manager.MyListener - start search element by locator --->By.id: password
21:47:56 [Test worker] INFO  manager.MyListener - The element with locator ---> By.id: passwordwas found
21:47:56 [Test worker] INFO  manager.MyListener - start search element by locator --->By.cssSelector: [type='submit']
21:47:56 [Test worker] INFO  manager.MyListener - The element with locator ---> By.cssSelector: [type='submit']was found
21:47:57 [Test worker] INFO  manager.MyListener - start search element by locator --->By.xpath: //button[normalize-space()='Ok']
21:47:57 [Test worker] INFO  manager.MyListener - The element with locator ---> By.xpath: //button[normalize-space()='Ok']was found
21:47:58 [Test worker] INFO  manager.MyListener - start search element by locator --->By.xpath: //div[@class='dialog-container']
21:48:06 [Test worker] INFO  manager.MyListener - Something went wrong!!
21:48:06 [Test worker] INFO  manager.MyListener - Unable to locate element: //div[@class='dialog-container']
For documentation on this error, please visit: https://www.seleniumhq.org/exceptions/no_such_element.html
Build info: version: '3.141.59', revision: 'e82be7d358', time: '2018-11-14T08:17:03'
System info: host: 'DESKTOP-5I9HDR9', ip: '192.168.1.18', os.name: 'Windows 10', os.arch: 'amd64', os.version: '10.0', java.version: '1.8.0_301'
Driver info: org.openqa.selenium.firefox.FirefoxDriver
Capabilities {acceptInsecureCerts: true, browserName: firefox, browserVersion: 94.0.1, javascriptEnabled: true, moz:accessibilityChecks: false, moz:buildID: 20211103134640, moz:geckodriverVersion: 0.28.0, moz:headless: false, moz:processID: 22756, moz:profile: C:\Users\User\AppData\Local..., moz:shutdownTimeout: 60000, moz:useNonSpecCompliantPointerOrigin: false, moz:webdriverClick: true, pageLoadStrategy: normal, platform: WINDOWS, platformName: WINDOWS, platformVersion: 10.0, proxy: Proxy(), setWindowRect: true, strictFileInteractability: false, timeouts: {implicit: 0, pageLoad: 300000, script: 30000}, unhandledPromptBehavior: dismiss and notify}
Session ID: bc857cb5-5b8c-4c54-b4c3-d323f5e2eee1
*** Element info: {Using=xpath, value=//div[@class='dialog-container']}
21:48:06 [Test worker] INFO  manager.MyListener - org.openqa.selenium.NoSuchElementException: Unable to locate element: //div[@class='dialog-container']
For documentation on this error, please visit: https://www.seleniumhq.org/exceptions/no_such_element.html
Build info: version: '3.141.59', revision: 'e82be7d358', time: '2018-11-14T08:17:03'
System info: host: 'DESKTOP-5I9HDR9', ip: '192.168.1.18', os.name: 'Windows 10', os.arch: 'amd64', os.version: '10.0', java.version: '1.8.0_301'
Driver info: org.openqa.selenium.firefox.FirefoxDriver
Capabilities {acceptInsecureCerts: true, browserName: firefox, browserVersion: 94.0.1, javascriptEnabled: true, moz:accessibilityChecks: false, moz:buildID: 20211103134640, moz:geckodriverVersion: 0.28.0, moz:headless: false, moz:processID: 22756, moz:profile: C:\Users\User\AppData\Local..., moz:shutdownTimeout: 60000, moz:useNonSpecCompliantPointerOrigin: false, moz:webdriverClick: true, pageLoadStrategy: normal, platform: WINDOWS, platformName: WINDOWS, platformVersion: 10.0, proxy: Proxy(), setWindowRect: true, strictFileInteractability: false, timeouts: {implicit: 0, pageLoad: 300000, script: 30000}, unhandledPromptBehavior: dismiss and notify}
Session ID: bc857cb5-5b8c-4c54-b4c3-d323f5e2eee1
*** Element info: {Using=xpath, value=//div[@class='dialog-container']}
21:48:07 [Test worker] INFO  manager.MyListener - This link to screenshot with error ---->src/test/screenshots/screenshot-2886.png
21:48:07 [Test worker] INFO  manager.NgListener - Success test --->org.openqa.selenium.NoSuchElementException: Unable to locate element: //div[@class='dialog-container']
For documentation on this error, please visit: https://www.seleniumhq.org/exceptions/no_such_element.html
Build info: version: '3.141.59', revision: 'e82be7d358', time: '2018-11-14T08:17:03'
System info: host: 'DESKTOP-5I9HDR9', ip: '192.168.1.18', os.name: 'Windows 10', os.arch: 'amd64', os.version: '10.0', java.version: '1.8.0_301'
Driver info: org.openqa.selenium.firefox.FirefoxDriver
Capabilities {acceptInsecureCerts: true, browserName: firefox, browserVersion: 94.0.1, javascriptEnabled: true, moz:accessibilityChecks: false, moz:buildID: 20211103134640, moz:geckodriverVersion: 0.28.0, moz:headless: false, moz:processID: 22756, moz:profile: C:\Users\User\AppData\Local..., moz:shutdownTimeout: 60000, moz:useNonSpecCompliantPointerOrigin: false, moz:webdriverClick: true, pageLoadStrategy: normal, platform: WINDOWS, platformName: WINDOWS, platformVersion: 10.0, proxy: Proxy(), setWindowRect: true, strictFileInteractability: false, timeouts: {implicit: 0, pageLoad: 300000, script: 30000}, unhandledPromptBehavior: dismiss and notify}
Session ID: bc857cb5-5b8c-4c54-b4c3-d323f5e2eee1
*** Element info: {Using=xpath, value=//div[@class='dialog-container']}
21:48:07 [Test worker] INFO  test.TestBase - **********************************
21:48:07 [Test worker] INFO  test.TestBase - Start test -->test2
21:48:07 [Test worker] INFO  manager.MyListener - start search element by locator --->By.xpath: //a[text()=' Log in ']
21:48:15 [Test worker] INFO  manager.MyListener - The element with locator ---> By.xpath: //a[text()=' Log in ']was found
21:48:15 [Test worker] INFO  manager.MyListener - start search element by locator --->By.xpath: //a[text()=' Logout ']
21:48:15 [Test worker] INFO  manager.MyListener - The element with locator ---> By.xpath: //a[text()=' Logout ']was found
21:48:16 [Test worker] INFO  manager.NgListener - Start of test --->test2
21:48:16 [Test worker] INFO  manager.MyListener - start search element by locator --->By.xpath: //a[text()=' Log in ']
21:48:16 [Test worker] INFO  manager.MyListener - The element with locator ---> By.xpath: //a[text()=' Log in ']was found
21:48:16 [Test worker] INFO  manager.MyListener - start search element by locator --->By.id: email
21:48:16 [Test worker] INFO  manager.MyListener - The element with locator ---> By.id: emailwas found
21:48:17 [Test worker] INFO  manager.MyListener - start search element by locator --->By.id: password
21:48:17 [Test worker] INFO  manager.MyListener - The element with locator ---> By.id: passwordwas found
21:48:17 [Test worker] INFO  manager.MyListener - start search element by locator --->By.cssSelector: [type='submit']
21:48:17 [Test worker] INFO  manager.MyListener - The element with locator ---> By.cssSelector: [type='submit']was found
21:48:17 [Test worker] INFO  manager.MyListener - start search element by locator --->By.xpath: //button[normalize-space()='Ok']
21:48:18 [Test worker] INFO  manager.MyListener - The element with locator ---> By.xpath: //button[normalize-space()='Ok']was found
21:48:18 [Test worker] INFO  manager.MyListener - start search element by locator --->By.xpath: //div[@class='dialog-container']
21:48:26 [Test worker] INFO  manager.MyListener - Something went wrong!!
21:48:26 [Test worker] INFO  manager.MyListener - Unable to locate element: //div[@class='dialog-container']
For documentation on this error, please visit: https://www.seleniumhq.org/exceptions/no_such_element.html
Build info: version: '3.141.59', revision: 'e82be7d358', time: '2018-11-14T08:17:03'
System info: host: 'DESKTOP-5I9HDR9', ip: '192.168.1.18', os.name: 'Windows 10', os.arch: 'amd64', os.version: '10.0', java.version: '1.8.0_301'
Driver info: org.openqa.selenium.firefox.FirefoxDriver
Capabilities {acceptInsecureCerts: true, browserName: firefox, browserVersion: 94.0.1, javascriptEnabled: true, moz:accessibilityChecks: false, moz:buildID: 20211103134640, moz:geckodriverVersion: 0.28.0, moz:headless: false, moz:processID: 22756, moz:profile: C:\Users\User\AppData\Local..., moz:shutdownTimeout: 60000, moz:useNonSpecCompliantPointerOrigin: false, moz:webdriverClick: true, pageLoadStrategy: normal, platform: WINDOWS, platformName: WINDOWS, platformVersion: 10.0, proxy: Proxy(), setWindowRect: true, strictFileInteractability: false, timeouts: {implicit: 0, pageLoad: 300000, script: 30000}, unhandledPromptBehavior: dismiss and notify}
Session ID: bc857cb5-5b8c-4c54-b4c3-d323f5e2eee1
*** Element info: {Using=xpath, value=//div[@class='dialog-container']}
21:48:26 [Test worker] INFO  manager.MyListener - org.openqa.selenium.NoSuchElementException: Unable to locate element: //div[@class='dialog-container']
For documentation on this error, please visit: https://www.seleniumhq.org/exceptions/no_such_element.html
Build info: version: '3.141.59', revision: 'e82be7d358', time: '2018-11-14T08:17:03'
System info: host: 'DESKTOP-5I9HDR9', ip: '192.168.1.18', os.name: 'Windows 10', os.arch: 'amd64', os.version: '10.0', java.version: '1.8.0_301'
Driver info: org.openqa.selenium.firefox.FirefoxDriver
Capabilities {acceptInsecureCerts: true, browserName: firefox, browserVersion: 94.0.1, javascriptEnabled: true, moz:accessibilityChecks: false, moz:buildID: 20211103134640, moz:geckodriverVersion: 0.28.0, moz:headless: false, moz:processID: 22756, moz:profile: C:\Users\User\AppData\Local..., moz:shutdownTimeout: 60000, moz:useNonSpecCompliantPointerOrigin: false, moz:webdriverClick: true, pageLoadStrategy: normal, platform: WINDOWS, platformName: WINDOWS, platformVersion: 10.0, proxy: Proxy(), setWindowRect: true, strictFileInteractability: false, timeouts: {implicit: 0, pageLoad: 300000, script: 30000}, unhandledPromptBehavior: dismiss and notify}
Session ID: bc857cb5-5b8c-4c54-b4c3-d323f5e2eee1
*** Element info: {Using=xpath, value=//div[@class='dialog-container']}
21:48:35 [Test worker] INFO  manager.MyListener - This link to screenshot with error ---->src/test/screenshots/screenshot-2906.png
21:48:35 [Test worker] INFO  manager.NgListener - Success test --->org.openqa.selenium.NoSuchElementException: Unable to locate element: //div[@class='dialog-container']
For documentation on this error, please visit: https://www.seleniumhq.org/exceptions/no_such_element.html
Build info: version: '3.141.59', revision: 'e82be7d358', time: '2018-11-14T08:17:03'
System info: host: 'DESKTOP-5I9HDR9', ip: '192.168.1.18', os.name: 'Windows 10', os.arch: 'amd64', os.version: '10.0', java.version: '1.8.0_301'
Driver info: org.openqa.selenium.firefox.FirefoxDriver
Capabilities {acceptInsecureCerts: true, browserName: firefox, browserVersion: 94.0.1, javascriptEnabled: true, moz:accessibilityChecks: false, moz:buildID: 20211103134640, moz:geckodriverVersion: 0.28.0, moz:headless: false, moz:processID: 22756, moz:profile: C:\Users\User\AppData\Local..., moz:shutdownTimeout: 60000, moz:useNonSpecCompliantPointerOrigin: false, moz:webdriverClick: true, pageLoadStrategy: normal, platform: WINDOWS, platformName: WINDOWS, platformVersion: 10.0, proxy: Proxy(), setWindowRect: true, strictFileInteractability: false, timeouts: {implicit: 0, pageLoad: 300000, script: 30000}, unhandledPromptBehavior: dismiss and notify}
Session ID: bc857cb5-5b8c-4c54-b4c3-d323f5e2eee1
*** Element info: {Using=xpath, value=//div[@class='dialog-container']}
21:48:35 [Test worker] INFO  test.TestBase - **********************************
21:48:35 [Test worker] INFO  test.TestBase - Start test -->test2
21:48:35 [Test worker] INFO  manager.MyListener - start search element by locator --->By.xpath: //a[text()=' Log in ']
21:48:47 [Test worker] INFO  manager.MyListener - The element with locator ---> By.xpath: //a[text()=' Log in ']was found
21:48:47 [Test worker] INFO  manager.MyListener - start search element by locator --->By.xpath: //a[text()=' Logout ']
21:48:47 [Test worker] INFO  manager.MyListener - The element with locator ---> By.xpath: //a[text()=' Logout ']was found
21:48:49 [Test worker] INFO  manager.NgListener - Start of test --->test2
21:48:49 [Test worker] INFO  manager.MyListener - start search element by locator --->By.xpath: //a[text()=' Log in ']
21:48:49 [Test worker] INFO  manager.MyListener - The element with locator ---> By.xpath: //a[text()=' Log in ']was found
21:48:51 [Test worker] INFO  manager.MyListener - start search element by locator --->By.id: email
21:48:51 [Test worker] INFO  manager.MyListener - The element with locator ---> By.id: emailwas found
21:48:52 [Test worker] INFO  manager.MyListener - start search element by locator --->By.id: password
21:48:52 [Test worker] INFO  manager.MyListener - The element with locator ---> By.id: passwordwas found
21:48:53 [Test worker] INFO  manager.MyListener - start search element by locator --->By.cssSelector: [type='submit']
21:48:53 [Test worker] INFO  manager.MyListener - The element with locator ---> By.cssSelector: [type='submit']was found
21:48:53 [Test worker] INFO  manager.MyListener - start search element by locator --->By.xpath: //button[normalize-space()='Ok']
21:48:54 [Test worker] INFO  manager.MyListener - The element with locator ---> By.xpath: //button[normalize-space()='Ok']was found
21:48:55 [Test worker] INFO  manager.MyListener - start search element by locator --->By.xpath: //div[@class='dialog-container']
21:48:55 [Test worker] INFO  manager.MyListener - The element with locator ---> By.xpath: //div[@class='dialog-container']was found
21:48:55 [Test worker] INFO  manager.MyListener - Something went wrong!!
21:48:55 [Test worker] INFO  manager.MyListener - The element reference of <div class="dialog-container"> is stale; either the element is no longer attached to the DOM, it is not in the current frame context, or the document has been refreshed
For documentation on this error, please visit: https://www.seleniumhq.org/exceptions/stale_element_reference.html
Build info: version: '3.141.59', revision: 'e82be7d358', time: '2018-11-14T08:17:03'
System info: host: 'DESKTOP-5I9HDR9', ip: '192.168.1.18', os.name: 'Windows 10', os.arch: 'amd64', os.version: '10.0', java.version: '1.8.0_301'
Driver info: org.openqa.selenium.firefox.FirefoxDriver
Capabilities {acceptInsecureCerts: true, browserName: firefox, browserVersion: 94.0.1, javascriptEnabled: true, moz:accessibilityChecks: false, moz:buildID: 20211103134640, moz:geckodriverVersion: 0.28.0, moz:headless: false, moz:processID: 22756, moz:profile: C:\Users\User\AppData\Local..., moz:shutdownTimeout: 60000, moz:useNonSpecCompliantPointerOrigin: false, moz:webdriverClick: true, pageLoadStrategy: normal, platform: WINDOWS, platformName: WINDOWS, platformVersion: 10.0, proxy: Proxy(), setWindowRect: true, strictFileInteractability: false, timeouts: {implicit: 0, pageLoad: 300000, script: 30000}, unhandledPromptBehavior: dismiss and notify}
Session ID: bc857cb5-5b8c-4c54-b4c3-d323f5e2eee1
21:48:55 [Test worker] INFO  manager.MyListener - org.openqa.selenium.StaleElementReferenceException: The element reference of <div class="dialog-container"> is stale; either the element is no longer attached to the DOM, it is not in the current frame context, or the document has been refreshed
For documentation on this error, please visit: https://www.seleniumhq.org/exceptions/stale_element_reference.html
Build info: version: '3.141.59', revision: 'e82be7d358', time: '2018-11-14T08:17:03'
System info: host: 'DESKTOP-5I9HDR9', ip: '192.168.1.18', os.name: 'Windows 10', os.arch: 'amd64', os.version: '10.0', java.version: '1.8.0_301'
Driver info: org.openqa.selenium.firefox.FirefoxDriver
Capabilities {acceptInsecureCerts: true, browserName: firefox, browserVersion: 94.0.1, javascriptEnabled: true, moz:accessibilityChecks: false, moz:buildID: 20211103134640, moz:geckodriverVersion: 0.28.0, moz:headless: false, moz:processID: 22756, moz:profile: C:\Users\User\AppData\Local..., moz:shutdownTimeout: 60000, moz:useNonSpecCompliantPointerOrigin: false, moz:webdriverClick: true, pageLoadStrategy: normal, platform: WINDOWS, platformName: WINDOWS, platformVersion: 10.0, proxy: Proxy(), setWindowRect: true, strictFileInteractability: false, timeouts: {implicit: 0, pageLoad: 300000, script: 30000}, unhandledPromptBehavior: dismiss and notify}
Session ID: bc857cb5-5b8c-4c54-b4c3-d323f5e2eee1
21:48:56 [Test worker] INFO  manager.MyListener - This link to screenshot with error ---->src/test/screenshots/screenshot-2935.png
21:48:56 [Test worker] INFO  manager.NgListener - Success test --->org.openqa.selenium.StaleElementReferenceException: The element reference of <div class="dialog-container"> is stale; either the element is no longer attached to the DOM, it is not in the current frame context, or the document has been refreshed
For documentation on this error, please visit: https://www.seleniumhq.org/exceptions/stale_element_reference.html
Build info: version: '3.141.59', revision: 'e82be7d358', time: '2018-11-14T08:17:03'
System info: host: 'DESKTOP-5I9HDR9', ip: '192.168.1.18', os.name: 'Windows 10', os.arch: 'amd64', os.version: '10.0', java.version: '1.8.0_301'
Driver info: org.openqa.selenium.firefox.FirefoxDriver
Capabilities {acceptInsecureCerts: true, browserName: firefox, browserVersion: 94.0.1, javascriptEnabled: true, moz:accessibilityChecks: false, moz:buildID: 20211103134640, moz:geckodriverVersion: 0.28.0, moz:headless: false, moz:processID: 22756, moz:profile: C:\Users\User\AppData\Local..., moz:shutdownTimeout: 60000, moz:useNonSpecCompliantPointerOrigin: false, moz:webdriverClick: true, pageLoadStrategy: normal, platform: WINDOWS, platformName: WINDOWS, platformVersion: 10.0, proxy: Proxy(), setWindowRect: true, strictFileInteractability: false, timeouts: {implicit: 0, pageLoad: 300000, script: 30000}, unhandledPromptBehavior: dismiss and notify}
Session ID: bc857cb5-5b8c-4c54-b4c3-d323f5e2eee1
21:48:56 [Test worker] INFO  test.TestBase - **********************************
21:48:56 [Test worker] INFO  manager.ApplicationManager - The browser  has been closed
