19:31:23 [Test worker] INFO  manager.ApplicationManager - Tests starts on FireFox Driver
19:31:37 [Test worker] INFO  test.TestBase - Start test -->searchTest
19:31:37 [Test worker] INFO  manager.MyListener - start search element by locator --->By.id: city
19:31:37 [Test worker] INFO  manager.MyListener - The element with locator ---> By.id: citywas found
19:31:38 [Test worker] INFO  manager.MyListener - start search element by locator --->By.cssSelector: div.pac-item
19:31:38 [Test worker] INFO  manager.MyListener - The element with locator ---> By.cssSelector: div.pac-itemwas found
19:31:40 [Test worker] INFO  manager.MyListener - start search element by locator --->By.id: dates
19:31:40 [Test worker] INFO  manager.MyListener - The element with locator ---> By.id: dateswas found
19:31:41 [Test worker] INFO  manager.MyListener - start search element by locator --->By.xpath: //div[.=' 25 ']
19:31:41 [Test worker] INFO  manager.MyListener - The element with locator ---> By.xpath: //div[.=' 25 ']was found
19:31:42 [Test worker] INFO  manager.MyListener - start search element by locator --->By.xpath: //div[.=' 30 ']
19:31:42 [Test worker] INFO  manager.MyListener - The element with locator ---> By.xpath: //div[.=' 30 ']was found
19:31:42 [Test worker] INFO  manager.MyListener - start search element by locator --->By.xpath: //div[.=' 30 ']
19:31:57 [Test worker] INFO  manager.MyListener - Something went wrong!!
19:31:57 [Test worker] INFO  manager.MyListener - Unable to locate element: //div[.=' 30 ']
For documentation on this error, please visit: https://www.seleniumhq.org/exceptions/no_such_element.html
Build info: version: '3.141.59', revision: 'e82be7d358', time: '2018-11-14T08:17:03'
System info: host: 'DESKTOP-5I9HDR9', ip: '192.168.1.12', os.name: 'Windows 10', os.arch: 'amd64', os.version: '10.0', java.version: '1.8.0_301'
Driver info: org.openqa.selenium.firefox.FirefoxDriver
Capabilities {acceptInsecureCerts: true, browserName: firefox, browserVersion: 94.0.1, javascriptEnabled: true, moz:accessibilityChecks: false, moz:buildID: 20211103134640, moz:geckodriverVersion: 0.28.0, moz:headless: false, moz:processID: 12052, moz:profile: C:\Users\User\AppData\Local..., moz:shutdownTimeout: 60000, moz:useNonSpecCompliantPointerOrigin: false, moz:webdriverClick: true, pageLoadStrategy: normal, platform: WINDOWS, platformName: WINDOWS, platformVersion: 10.0, proxy: Proxy(), setWindowRect: true, strictFileInteractability: false, timeouts: {implicit: 0, pageLoad: 300000, script: 30000}, unhandledPromptBehavior: dismiss and notify}
Session ID: f7601a86-4f3b-4352-9a95-274bdfebad77
*** Element info: {Using=xpath, value=//div[.=' 30 ']}
19:31:57 [Test worker] INFO  manager.MyListener - org.openqa.selenium.NoSuchElementException: Unable to locate element: //div[.=' 30 ']
For documentation on this error, please visit: https://www.seleniumhq.org/exceptions/no_such_element.html
Build info: version: '3.141.59', revision: 'e82be7d358', time: '2018-11-14T08:17:03'
System info: host: 'DESKTOP-5I9HDR9', ip: '192.168.1.12', os.name: 'Windows 10', os.arch: 'amd64', os.version: '10.0', java.version: '1.8.0_301'
Driver info: org.openqa.selenium.firefox.FirefoxDriver
Capabilities {acceptInsecureCerts: true, browserName: firefox, browserVersion: 94.0.1, javascriptEnabled: true, moz:accessibilityChecks: false, moz:buildID: 20211103134640, moz:geckodriverVersion: 0.28.0, moz:headless: false, moz:processID: 12052, moz:profile: C:\Users\User\AppData\Local..., moz:shutdownTimeout: 60000, moz:useNonSpecCompliantPointerOrigin: false, moz:webdriverClick: true, pageLoadStrategy: normal, platform: WINDOWS, platformName: WINDOWS, platformVersion: 10.0, proxy: Proxy(), setWindowRect: true, strictFileInteractability: false, timeouts: {implicit: 0, pageLoad: 300000, script: 30000}, unhandledPromptBehavior: dismiss and notify}
Session ID: f7601a86-4f3b-4352-9a95-274bdfebad77
*** Element info: {Using=xpath, value=//div[.=' 30 ']}
19:31:59 [Test worker] INFO  manager.MyListener - This link to screenshot with error ---->src/test/screenshots/screenshot-1917.png
19:31:59 [Test worker] INFO  test.TestBase - **********************************
