22:42:41 [Test worker] INFO  manager.ApplicationManager - Tests starts on FireFox Driver
22:43:04 [Test worker] INFO  test.TestBase - Start test -->wrongEmailLogin
22:43:04 [Test worker] INFO  manager.MyListener - start search element by locator --->By.xpath: //a[text()=' Log in ']
22:43:04 [Test worker] INFO  manager.MyListener - The element with locator ---> By.xpath: //a[text()=' Log in ']was found
22:43:04 [Test worker] INFO  manager.NgListener - Start of test --->wrongEmailLogin
22:43:04 [Test worker] INFO  manager.MyListener - start search element by locator --->By.xpath: //a[text()=' Log in ']
22:43:04 [Test worker] INFO  manager.MyListener - The element with locator ---> By.xpath: //a[text()=' Log in ']was found
22:43:05 [Test worker] INFO  manager.MyListener - start search element by locator --->By.id: email
22:43:05 [Test worker] INFO  manager.MyListener - The element with locator ---> By.id: emailwas found
22:43:06 [Test worker] INFO  manager.MyListener - start search element by locator --->By.id: password
22:43:06 [Test worker] INFO  manager.MyListener - The element with locator ---> By.id: passwordwas found
22:43:06 [Test worker] INFO  manager.MyListener - start search element by locator --->By.xpath: //button[@disabled]
22:43:06 [Test worker] INFO  manager.MyListener - The element with locator ---> By.xpath: //button[@disabled]was found
22:43:06 [Test worker] INFO  manager.MyListener - start search element by locator --->By.xpath: //div[@class='ng-star-inserted']
22:43:21 [Test worker] INFO  manager.MyListener - The element with locator ---> By.xpath: //div[@class='ng-star-inserted']was found
22:43:21 [Test worker] INFO  manager.NgListener - Success test --->wrongEmailLogin
22:43:21 [Test worker] INFO  manager.MyListener - start search element by locator --->By.xpath: //button[text()='Ok']
22:43:37 [Test worker] INFO  manager.MyListener - The element with locator ---> By.xpath: //button[text()='Ok']was found
22:43:37 [Test worker] INFO  manager.MyListener - start search element by locator --->By.xpath: //button[text()='Ok']
22:43:53 [Test worker] INFO  manager.MyListener - Something went wrong!!
22:43:53 [Test worker] INFO  manager.MyListener - Unable to locate element: //button[text()='Ok']
For documentation on this error, please visit: https://www.seleniumhq.org/exceptions/no_such_element.html
Build info: version: '3.141.59', revision: 'e82be7d358', time: '2018-11-14T08:17:03'
System info: host: 'DESKTOP-5I9HDR9', ip: '192.168.1.18', os.name: 'Windows 10', os.arch: 'amd64', os.version: '10.0', java.version: '1.8.0_301'
Driver info: org.openqa.selenium.firefox.FirefoxDriver
Capabilities {acceptInsecureCerts: true, browserName: firefox, browserVersion: 94.0.1, javascriptEnabled: true, moz:accessibilityChecks: false, moz:buildID: 20211103134640, moz:geckodriverVersion: 0.28.0, moz:headless: false, moz:processID: 14800, moz:profile: C:\Users\User\AppData\Local..., moz:shutdownTimeout: 60000, moz:useNonSpecCompliantPointerOrigin: false, moz:webdriverClick: true, pageLoadStrategy: normal, platform: WINDOWS, platformName: WINDOWS, platformVersion: 10.0, proxy: Proxy(), setWindowRect: true, strictFileInteractability: false, timeouts: {implicit: 0, pageLoad: 300000, script: 30000}, unhandledPromptBehavior: dismiss and notify}
Session ID: b118d4aa-30fb-43f3-86a9-8aa8c6d85a09
*** Element info: {Using=xpath, value=//button[text()='Ok']}
22:43:53 [Test worker] INFO  manager.MyListener - org.openqa.selenium.NoSuchElementException: Unable to locate element: //button[text()='Ok']
For documentation on this error, please visit: https://www.seleniumhq.org/exceptions/no_such_element.html
Build info: version: '3.141.59', revision: 'e82be7d358', time: '2018-11-14T08:17:03'
System info: host: 'DESKTOP-5I9HDR9', ip: '192.168.1.18', os.name: 'Windows 10', os.arch: 'amd64', os.version: '10.0', java.version: '1.8.0_301'
Driver info: org.openqa.selenium.firefox.FirefoxDriver
Capabilities {acceptInsecureCerts: true, browserName: firefox, browserVersion: 94.0.1, javascriptEnabled: true, moz:accessibilityChecks: false, moz:buildID: 20211103134640, moz:geckodriverVersion: 0.28.0, moz:headless: false, moz:processID: 14800, moz:profile: C:\Users\User\AppData\Local..., moz:shutdownTimeout: 60000, moz:useNonSpecCompliantPointerOrigin: false, moz:webdriverClick: true, pageLoadStrategy: normal, platform: WINDOWS, platformName: WINDOWS, platformVersion: 10.0, proxy: Proxy(), setWindowRect: true, strictFileInteractability: false, timeouts: {implicit: 0, pageLoad: 300000, script: 30000}, unhandledPromptBehavior: dismiss and notify}
Session ID: b118d4aa-30fb-43f3-86a9-8aa8c6d85a09
*** Element info: {Using=xpath, value=//button[text()='Ok']}
22:44:03 [Test worker] INFO  manager.MyListener - This link to screenshot with error ---->src/test/screenshots/screenshot-2633.png
