21:53:22 [Test worker] INFO  manager.ApplicationManager - Tests starts on FireFox Driver
21:53:33 [Test worker] INFO  manager.ApplicationManager - Navigate to link ---> https://ilcarro.xyz/search
21:53:34 [Test worker] INFO  test.TestBase - Start test -->test2
21:53:34 [Test worker] INFO  manager.MyListener - start search element by locator --->By.xpath: //a[text()=' Log in ']
21:53:34 [Test worker] INFO  manager.MyListener - The element with locator ---> By.xpath: //a[text()=' Log in ']was found
21:53:34 [Test worker] INFO  manager.NgListener - Start of test --->test2
21:53:34 [Test worker] INFO  manager.MyListener - start search element by locator --->By.xpath: //a[text()=' Log in ']
21:53:34 [Test worker] INFO  manager.MyListener - The element with locator ---> By.xpath: //a[text()=' Log in ']was found
21:53:36 [Test worker] INFO  manager.MyListener - start search element by locator --->By.id: email
21:53:36 [Test worker] INFO  manager.MyListener - The element with locator ---> By.id: emailwas found
21:53:37 [Test worker] INFO  manager.MyListener - start search element by locator --->By.id: password
21:53:38 [Test worker] INFO  manager.MyListener - The element with locator ---> By.id: passwordwas found
21:53:38 [Test worker] INFO  manager.MyListener - start search element by locator --->By.cssSelector: [type='submit']
21:53:38 [Test worker] INFO  manager.MyListener - The element with locator ---> By.cssSelector: [type='submit']was found
21:53:39 [Test worker] INFO  manager.MyListener - start search element by locator --->By.xpath: //button[text()='Ok']
21:53:40 [Test worker] INFO  manager.MyListener - The element with locator ---> By.xpath: //button[text()='Ok']was found
21:53:40 [Test worker] INFO  manager.MyListener - start search element by locator --->By.xpath: //button[text()='Ok']
21:53:40 [Test worker] INFO  manager.MyListener - The element with locator ---> By.xpath: //button[text()='Ok']was found
21:53:40 [Test worker] INFO  manager.MyListener - start search element by locator --->By.cssSelector: .dialog-container
21:53:49 [Test worker] INFO  manager.MyListener - Something went wrong!!
21:53:49 [Test worker] INFO  manager.MyListener - Unable to locate element: .dialog-container
For documentation on this error, please visit: https://www.seleniumhq.org/exceptions/no_such_element.html
Build info: version: '3.141.59', revision: 'e82be7d358', time: '2018-11-14T08:17:03'
System info: host: 'DESKTOP-5I9HDR9', ip: '192.168.1.18', os.name: 'Windows 10', os.arch: 'amd64', os.version: '10.0', java.version: '1.8.0_301'
Driver info: org.openqa.selenium.firefox.FirefoxDriver
Capabilities {acceptInsecureCerts: true, browserName: firefox, browserVersion: 94.0.1, javascriptEnabled: true, moz:accessibilityChecks: false, moz:buildID: 20211103134640, moz:geckodriverVersion: 0.28.0, moz:headless: false, moz:processID: 19588, moz:profile: C:\Users\User\AppData\Local..., moz:shutdownTimeout: 60000, moz:useNonSpecCompliantPointerOrigin: false, moz:webdriverClick: true, pageLoadStrategy: normal, platform: WINDOWS, platformName: WINDOWS, platformVersion: 10.0, proxy: Proxy(), setWindowRect: true, strictFileInteractability: false, timeouts: {implicit: 0, pageLoad: 300000, script: 30000}, unhandledPromptBehavior: dismiss and notify}
Session ID: e0429305-4bb4-4867-be0e-d16e334158d0
*** Element info: {Using=css selector, value=.dialog-container}
21:53:49 [Test worker] INFO  manager.MyListener - org.openqa.selenium.NoSuchElementException: Unable to locate element: .dialog-container
For documentation on this error, please visit: https://www.seleniumhq.org/exceptions/no_such_element.html
Build info: version: '3.141.59', revision: 'e82be7d358', time: '2018-11-14T08:17:03'
System info: host: 'DESKTOP-5I9HDR9', ip: '192.168.1.18', os.name: 'Windows 10', os.arch: 'amd64', os.version: '10.0', java.version: '1.8.0_301'
Driver info: org.openqa.selenium.firefox.FirefoxDriver
Capabilities {acceptInsecureCerts: true, browserName: firefox, browserVersion: 94.0.1, javascriptEnabled: true, moz:accessibilityChecks: false, moz:buildID: 20211103134640, moz:geckodriverVersion: 0.28.0, moz:headless: false, moz:processID: 19588, moz:profile: C:\Users\User\AppData\Local..., moz:shutdownTimeout: 60000, moz:useNonSpecCompliantPointerOrigin: false, moz:webdriverClick: true, pageLoadStrategy: normal, platform: WINDOWS, platformName: WINDOWS, platformVersion: 10.0, proxy: Proxy(), setWindowRect: true, strictFileInteractability: false, timeouts: {implicit: 0, pageLoad: 300000, script: 30000}, unhandledPromptBehavior: dismiss and notify}
Session ID: e0429305-4bb4-4867-be0e-d16e334158d0
*** Element info: {Using=css selector, value=.dialog-container}
21:53:50 [Test worker] INFO  manager.MyListener - This link to screenshot with error ---->src/test/screenshots/screenshot-3229.png
21:53:50 [Test worker] INFO  manager.NgListener - Success test --->org.openqa.selenium.NoSuchElementException: Unable to locate element: .dialog-container
For documentation on this error, please visit: https://www.seleniumhq.org/exceptions/no_such_element.html
Build info: version: '3.141.59', revision: 'e82be7d358', time: '2018-11-14T08:17:03'
System info: host: 'DESKTOP-5I9HDR9', ip: '192.168.1.18', os.name: 'Windows 10', os.arch: 'amd64', os.version: '10.0', java.version: '1.8.0_301'
Driver info: org.openqa.selenium.firefox.FirefoxDriver
Capabilities {acceptInsecureCerts: true, browserName: firefox, browserVersion: 94.0.1, javascriptEnabled: true, moz:accessibilityChecks: false, moz:buildID: 20211103134640, moz:geckodriverVersion: 0.28.0, moz:headless: false, moz:processID: 19588, moz:profile: C:\Users\User\AppData\Local..., moz:shutdownTimeout: 60000, moz:useNonSpecCompliantPointerOrigin: false, moz:webdriverClick: true, pageLoadStrategy: normal, platform: WINDOWS, platformName: WINDOWS, platformVersion: 10.0, proxy: Proxy(), setWindowRect: true, strictFileInteractability: false, timeouts: {implicit: 0, pageLoad: 300000, script: 30000}, unhandledPromptBehavior: dismiss and notify}
Session ID: e0429305-4bb4-4867-be0e-d16e334158d0
*** Element info: {Using=css selector, value=.dialog-container}
21:53:50 [Test worker] INFO  test.TestBase - **********************************
21:53:50 [Test worker] INFO  test.TestBase - Start test -->test2
21:53:50 [Test worker] INFO  manager.MyListener - start search element by locator --->By.xpath: //a[text()=' Log in ']
21:53:58 [Test worker] INFO  manager.MyListener - The element with locator ---> By.xpath: //a[text()=' Log in ']was found
21:53:58 [Test worker] INFO  manager.MyListener - start search element by locator --->By.xpath: //a[text()=' Logout ']
21:53:58 [Test worker] INFO  manager.MyListener - The element with locator ---> By.xpath: //a[text()=' Logout ']was found
21:53:58 [Test worker] INFO  manager.NgListener - Start of test --->test2
21:53:58 [Test worker] INFO  manager.MyListener - start search element by locator --->By.xpath: //a[text()=' Log in ']
21:53:58 [Test worker] INFO  manager.MyListener - The element with locator ---> By.xpath: //a[text()=' Log in ']was found
21:53:58 [Test worker] INFO  manager.MyListener - start search element by locator --->By.id: email
21:53:58 [Test worker] INFO  manager.MyListener - The element with locator ---> By.id: emailwas found
21:53:59 [Test worker] INFO  manager.MyListener - start search element by locator --->By.id: password
21:53:59 [Test worker] INFO  manager.MyListener - The element with locator ---> By.id: passwordwas found
21:54:00 [Test worker] INFO  manager.MyListener - start search element by locator --->By.cssSelector: [type='submit']
21:54:00 [Test worker] INFO  manager.MyListener - The element with locator ---> By.cssSelector: [type='submit']was found
21:54:00 [Test worker] INFO  manager.MyListener - start search element by locator --->By.xpath: //button[text()='Ok']
21:54:01 [Test worker] INFO  manager.MyListener - The element with locator ---> By.xpath: //button[text()='Ok']was found
21:54:01 [Test worker] INFO  manager.MyListener - start search element by locator --->By.xpath: //button[text()='Ok']
21:54:01 [Test worker] INFO  manager.MyListener - The element with locator ---> By.xpath: //button[text()='Ok']was found
21:54:02 [Test worker] INFO  manager.MyListener - start search element by locator --->By.cssSelector: .dialog-container
21:54:10 [Test worker] INFO  manager.MyListener - Something went wrong!!
21:54:10 [Test worker] INFO  manager.MyListener - Unable to locate element: .dialog-container
For documentation on this error, please visit: https://www.seleniumhq.org/exceptions/no_such_element.html
Build info: version: '3.141.59', revision: 'e82be7d358', time: '2018-11-14T08:17:03'
System info: host: 'DESKTOP-5I9HDR9', ip: '192.168.1.18', os.name: 'Windows 10', os.arch: 'amd64', os.version: '10.0', java.version: '1.8.0_301'
Driver info: org.openqa.selenium.firefox.FirefoxDriver
Capabilities {acceptInsecureCerts: true, browserName: firefox, browserVersion: 94.0.1, javascriptEnabled: true, moz:accessibilityChecks: false, moz:buildID: 20211103134640, moz:geckodriverVersion: 0.28.0, moz:headless: false, moz:processID: 19588, moz:profile: C:\Users\User\AppData\Local..., moz:shutdownTimeout: 60000, moz:useNonSpecCompliantPointerOrigin: false, moz:webdriverClick: true, pageLoadStrategy: normal, platform: WINDOWS, platformName: WINDOWS, platformVersion: 10.0, proxy: Proxy(), setWindowRect: true, strictFileInteractability: false, timeouts: {implicit: 0, pageLoad: 300000, script: 30000}, unhandledPromptBehavior: dismiss and notify}
Session ID: e0429305-4bb4-4867-be0e-d16e334158d0
*** Element info: {Using=css selector, value=.dialog-container}
21:54:10 [Test worker] INFO  manager.MyListener - org.openqa.selenium.NoSuchElementException: Unable to locate element: .dialog-container
For documentation on this error, please visit: https://www.seleniumhq.org/exceptions/no_such_element.html
Build info: version: '3.141.59', revision: 'e82be7d358', time: '2018-11-14T08:17:03'
System info: host: 'DESKTOP-5I9HDR9', ip: '192.168.1.18', os.name: 'Windows 10', os.arch: 'amd64', os.version: '10.0', java.version: '1.8.0_301'
Driver info: org.openqa.selenium.firefox.FirefoxDriver
Capabilities {acceptInsecureCerts: true, browserName: firefox, browserVersion: 94.0.1, javascriptEnabled: true, moz:accessibilityChecks: false, moz:buildID: 20211103134640, moz:geckodriverVersion: 0.28.0, moz:headless: false, moz:processID: 19588, moz:profile: C:\Users\User\AppData\Local..., moz:shutdownTimeout: 60000, moz:useNonSpecCompliantPointerOrigin: false, moz:webdriverClick: true, pageLoadStrategy: normal, platform: WINDOWS, platformName: WINDOWS, platformVersion: 10.0, proxy: Proxy(), setWindowRect: true, strictFileInteractability: false, timeouts: {implicit: 0, pageLoad: 300000, script: 30000}, unhandledPromptBehavior: dismiss and notify}
Session ID: e0429305-4bb4-4867-be0e-d16e334158d0
*** Element info: {Using=css selector, value=.dialog-container}
21:54:11 [Test worker] INFO  manager.MyListener - This link to screenshot with error ---->src/test/screenshots/screenshot-3250.png
21:54:11 [Test worker] INFO  manager.NgListener - Success test --->org.openqa.selenium.NoSuchElementException: Unable to locate element: .dialog-container
For documentation on this error, please visit: https://www.seleniumhq.org/exceptions/no_such_element.html
Build info: version: '3.141.59', revision: 'e82be7d358', time: '2018-11-14T08:17:03'
System info: host: 'DESKTOP-5I9HDR9', ip: '192.168.1.18', os.name: 'Windows 10', os.arch: 'amd64', os.version: '10.0', java.version: '1.8.0_301'
Driver info: org.openqa.selenium.firefox.FirefoxDriver
Capabilities {acceptInsecureCerts: true, browserName: firefox, browserVersion: 94.0.1, javascriptEnabled: true, moz:accessibilityChecks: false, moz:buildID: 20211103134640, moz:geckodriverVersion: 0.28.0, moz:headless: false, moz:processID: 19588, moz:profile: C:\Users\User\AppData\Local..., moz:shutdownTimeout: 60000, moz:useNonSpecCompliantPointerOrigin: false, moz:webdriverClick: true, pageLoadStrategy: normal, platform: WINDOWS, platformName: WINDOWS, platformVersion: 10.0, proxy: Proxy(), setWindowRect: true, strictFileInteractability: false, timeouts: {implicit: 0, pageLoad: 300000, script: 30000}, unhandledPromptBehavior: dismiss and notify}
Session ID: e0429305-4bb4-4867-be0e-d16e334158d0
*** Element info: {Using=css selector, value=.dialog-container}
21:54:11 [Test worker] INFO  test.TestBase - **********************************
21:54:11 [Test worker] INFO  test.TestBase - Start test -->test2
21:54:11 [Test worker] INFO  manager.MyListener - start search element by locator --->By.xpath: //a[text()=' Log in ']
21:54:19 [Test worker] INFO  manager.MyListener - The element with locator ---> By.xpath: //a[text()=' Log in ']was found
21:54:19 [Test worker] INFO  manager.MyListener - start search element by locator --->By.xpath: //a[text()=' Logout ']
21:54:19 [Test worker] INFO  manager.MyListener - The element with locator ---> By.xpath: //a[text()=' Logout ']was found
21:54:20 [Test worker] INFO  manager.NgListener - Start of test --->test2
21:54:20 [Test worker] INFO  manager.MyListener - start search element by locator --->By.xpath: //a[text()=' Log in ']
21:54:20 [Test worker] INFO  manager.MyListener - The element with locator ---> By.xpath: //a[text()=' Log in ']was found
21:54:20 [Test worker] INFO  manager.MyListener - start search element by locator --->By.id: email
21:54:20 [Test worker] INFO  manager.MyListener - The element with locator ---> By.id: emailwas found
21:54:21 [Test worker] INFO  manager.MyListener - start search element by locator --->By.id: password
21:54:21 [Test worker] INFO  manager.MyListener - The element with locator ---> By.id: passwordwas found
21:54:21 [Test worker] INFO  manager.MyListener - start search element by locator --->By.cssSelector: [type='submit']
21:54:21 [Test worker] INFO  manager.MyListener - The element with locator ---> By.cssSelector: [type='submit']was found
21:54:21 [Test worker] INFO  manager.MyListener - start search element by locator --->By.xpath: //button[text()='Ok']
21:54:22 [Test worker] INFO  manager.MyListener - The element with locator ---> By.xpath: //button[text()='Ok']was found
21:54:22 [Test worker] INFO  manager.MyListener - start search element by locator --->By.xpath: //button[text()='Ok']
21:54:22 [Test worker] INFO  manager.MyListener - The element with locator ---> By.xpath: //button[text()='Ok']was found
21:54:22 [Test worker] INFO  manager.MyListener - start search element by locator --->By.cssSelector: .dialog-container
21:54:30 [Test worker] INFO  manager.MyListener - Something went wrong!!
21:54:30 [Test worker] INFO  manager.MyListener - Unable to locate element: .dialog-container
For documentation on this error, please visit: https://www.seleniumhq.org/exceptions/no_such_element.html
Build info: version: '3.141.59', revision: 'e82be7d358', time: '2018-11-14T08:17:03'
System info: host: 'DESKTOP-5I9HDR9', ip: '192.168.1.18', os.name: 'Windows 10', os.arch: 'amd64', os.version: '10.0', java.version: '1.8.0_301'
Driver info: org.openqa.selenium.firefox.FirefoxDriver
Capabilities {acceptInsecureCerts: true, browserName: firefox, browserVersion: 94.0.1, javascriptEnabled: true, moz:accessibilityChecks: false, moz:buildID: 20211103134640, moz:geckodriverVersion: 0.28.0, moz:headless: false, moz:processID: 19588, moz:profile: C:\Users\User\AppData\Local..., moz:shutdownTimeout: 60000, moz:useNonSpecCompliantPointerOrigin: false, moz:webdriverClick: true, pageLoadStrategy: normal, platform: WINDOWS, platformName: WINDOWS, platformVersion: 10.0, proxy: Proxy(), setWindowRect: true, strictFileInteractability: false, timeouts: {implicit: 0, pageLoad: 300000, script: 30000}, unhandledPromptBehavior: dismiss and notify}
Session ID: e0429305-4bb4-4867-be0e-d16e334158d0
*** Element info: {Using=css selector, value=.dialog-container}
21:54:30 [Test worker] INFO  manager.MyListener - org.openqa.selenium.NoSuchElementException: Unable to locate element: .dialog-container
For documentation on this error, please visit: https://www.seleniumhq.org/exceptions/no_such_element.html
Build info: version: '3.141.59', revision: 'e82be7d358', time: '2018-11-14T08:17:03'
System info: host: 'DESKTOP-5I9HDR9', ip: '192.168.1.18', os.name: 'Windows 10', os.arch: 'amd64', os.version: '10.0', java.version: '1.8.0_301'
Driver info: org.openqa.selenium.firefox.FirefoxDriver
Capabilities {acceptInsecureCerts: true, browserName: firefox, browserVersion: 94.0.1, javascriptEnabled: true, moz:accessibilityChecks: false, moz:buildID: 20211103134640, moz:geckodriverVersion: 0.28.0, moz:headless: false, moz:processID: 19588, moz:profile: C:\Users\User\AppData\Local..., moz:shutdownTimeout: 60000, moz:useNonSpecCompliantPointerOrigin: false, moz:webdriverClick: true, pageLoadStrategy: normal, platform: WINDOWS, platformName: WINDOWS, platformVersion: 10.0, proxy: Proxy(), setWindowRect: true, strictFileInteractability: false, timeouts: {implicit: 0, pageLoad: 300000, script: 30000}, unhandledPromptBehavior: dismiss and notify}
Session ID: e0429305-4bb4-4867-be0e-d16e334158d0
*** Element info: {Using=css selector, value=.dialog-container}
21:54:31 [Test worker] INFO  manager.MyListener - This link to screenshot with error ---->src/test/screenshots/screenshot-3270.png
21:54:31 [Test worker] INFO  manager.NgListener - Success test --->org.openqa.selenium.NoSuchElementException: Unable to locate element: .dialog-container
For documentation on this error, please visit: https://www.seleniumhq.org/exceptions/no_such_element.html
Build info: version: '3.141.59', revision: 'e82be7d358', time: '2018-11-14T08:17:03'
System info: host: 'DESKTOP-5I9HDR9', ip: '192.168.1.18', os.name: 'Windows 10', os.arch: 'amd64', os.version: '10.0', java.version: '1.8.0_301'
Driver info: org.openqa.selenium.firefox.FirefoxDriver
Capabilities {acceptInsecureCerts: true, browserName: firefox, browserVersion: 94.0.1, javascriptEnabled: true, moz:accessibilityChecks: false, moz:buildID: 20211103134640, moz:geckodriverVersion: 0.28.0, moz:headless: false, moz:processID: 19588, moz:profile: C:\Users\User\AppData\Local..., moz:shutdownTimeout: 60000, moz:useNonSpecCompliantPointerOrigin: false, moz:webdriverClick: true, pageLoadStrategy: normal, platform: WINDOWS, platformName: WINDOWS, platformVersion: 10.0, proxy: Proxy(), setWindowRect: true, strictFileInteractability: false, timeouts: {implicit: 0, pageLoad: 300000, script: 30000}, unhandledPromptBehavior: dismiss and notify}
Session ID: e0429305-4bb4-4867-be0e-d16e334158d0
*** Element info: {Using=css selector, value=.dialog-container}
21:54:31 [Test worker] INFO  test.TestBase - **********************************
