23:26:15 [Test worker] INFO  manager.ApplicationManager - Tests starts on FireFox Driver
23:26:30 [Test worker] INFO  manager.ApplicationManager - Navigate to link ---> https://ilcarro.xyz/search
23:26:30 [Test worker] INFO  test.TestBase - Start test -->registrationPositiveTest
23:26:30 [Test worker] INFO  manager.MyListener - start search element by locator --->By.xpath: //a[text()=' Sign up ']
23:26:30 [Test worker] INFO  manager.MyListener - The element with locator ---> By.xpath: //a[text()=' Sign up ']was found
23:26:31 [Test worker] INFO  manager.MyListener - start search element by locator --->By.id: name
23:26:31 [Test worker] INFO  manager.MyListener - The element with locator ---> By.id: namewas found
23:26:32 [Test worker] INFO  manager.MyListener - start search element by locator --->By.id: lastName
23:26:32 [Test worker] INFO  manager.MyListener - The element with locator ---> By.id: lastNamewas found
23:26:32 [Test worker] INFO  manager.MyListener - start search element by locator --->By.id: email
23:26:32 [Test worker] INFO  manager.MyListener - The element with locator ---> By.id: emailwas found
23:26:33 [Test worker] INFO  manager.MyListener - start search element by locator --->By.id: password
23:26:33 [Test worker] INFO  manager.MyListener - The element with locator ---> By.id: passwordwas found
23:26:34 [Test worker] INFO  manager.MyListener - start search element by locator --->By.cssSelector: label[for='terms-of-use']
23:26:34 [Test worker] INFO  manager.MyListener - The element with locator ---> By.cssSelector: label[for='terms-of-use']was found
23:26:34 [Test worker] INFO  manager.MyListener - start search element by locator --->By.cssSelector: [type='submit']
23:26:34 [Test worker] INFO  manager.MyListener - The element with locator ---> By.cssSelector: [type='submit']was found
23:26:35 [Test worker] INFO  manager.MyListener - start search element by locator --->By.className: dialog-container
23:26:36 [Test worker] INFO  manager.MyListener - The element with locator ---> By.className: dialog-containerwas found
23:26:37 [Test worker] INFO  manager.MyListener - start search element by locator --->By.cssSelector: .dialog-container h1
23:26:37 [Test worker] INFO  manager.MyListener - The element with locator ---> By.cssSelector: .dialog-container h1was found
23:26:37 [Test worker] INFO  test.TestBase - **********************************
23:26:37 [Test worker] INFO  test.TestBase - Start test -->registrationPositiveTest
23:26:37 [Test worker] INFO  manager.MyListener - start search element by locator --->By.xpath: //a[text()=' Sign up ']
23:26:37 [Test worker] INFO  manager.MyListener - The element with locator ---> By.xpath: //a[text()=' Sign up ']was found
23:26:37 [Test worker] INFO  manager.MyListener - Something went wrong!!
23:26:37 [Test worker] INFO  manager.MyListener - Element <a class="navigation-link" href="/registration?url=%2Fsearch"> is not clickable at point (1041,34) because another element <div class="cdk-overlay-backdrop cdk-overlay-dark-backdrop cdk-overlay-backdrop-showing"> obscures it
Build info: version: '3.141.59', revision: 'e82be7d358', time: '2018-11-14T08:17:03'
System info: host: 'DESKTOP-5I9HDR9', ip: '192.168.1.18', os.name: 'Windows 10', os.arch: 'amd64', os.version: '10.0', java.version: '1.8.0_301'
Driver info: org.openqa.selenium.firefox.FirefoxDriver
Capabilities {acceptInsecureCerts: true, browserName: firefox, browserVersion: 94.0.1, javascriptEnabled: true, moz:accessibilityChecks: false, moz:buildID: 20211103134640, moz:geckodriverVersion: 0.28.0, moz:headless: false, moz:processID: 19520, moz:profile: C:\Users\User\AppData\Local..., moz:shutdownTimeout: 60000, moz:useNonSpecCompliantPointerOrigin: false, moz:webdriverClick: true, pageLoadStrategy: normal, platform: WINDOWS, platformName: WINDOWS, platformVersion: 10.0, proxy: Proxy(), setWindowRect: true, strictFileInteractability: false, timeouts: {implicit: 0, pageLoad: 300000, script: 30000}, unhandledPromptBehavior: dismiss and notify}
Session ID: 940b58f5-13fa-40cb-b2e0-79f53118d59c
23:26:37 [Test worker] INFO  manager.MyListener - org.openqa.selenium.ElementClickInterceptedException: Element <a class="navigation-link" href="/registration?url=%2Fsearch"> is not clickable at point (1041,34) because another element <div class="cdk-overlay-backdrop cdk-overlay-dark-backdrop cdk-overlay-backdrop-showing"> obscures it
Build info: version: '3.141.59', revision: 'e82be7d358', time: '2018-11-14T08:17:03'
System info: host: 'DESKTOP-5I9HDR9', ip: '192.168.1.18', os.name: 'Windows 10', os.arch: 'amd64', os.version: '10.0', java.version: '1.8.0_301'
Driver info: org.openqa.selenium.firefox.FirefoxDriver
Capabilities {acceptInsecureCerts: true, browserName: firefox, browserVersion: 94.0.1, javascriptEnabled: true, moz:accessibilityChecks: false, moz:buildID: 20211103134640, moz:geckodriverVersion: 0.28.0, moz:headless: false, moz:processID: 19520, moz:profile: C:\Users\User\AppData\Local..., moz:shutdownTimeout: 60000, moz:useNonSpecCompliantPointerOrigin: false, moz:webdriverClick: true, pageLoadStrategy: normal, platform: WINDOWS, platformName: WINDOWS, platformVersion: 10.0, proxy: Proxy(), setWindowRect: true, strictFileInteractability: false, timeouts: {implicit: 0, pageLoad: 300000, script: 30000}, unhandledPromptBehavior: dismiss and notify}
Session ID: 940b58f5-13fa-40cb-b2e0-79f53118d59c
23:26:38 [Test worker] INFO  manager.MyListener - This link to screenshot with error ---->src/test/screenshots/screenshot-1597.png
23:26:38 [Test worker] INFO  test.TestBase - **********************************
23:26:38 [Test worker] INFO  test.TestBase - Start test -->registrationPositiveTest
23:26:38 [Test worker] INFO  manager.MyListener - start search element by locator --->By.xpath: //a[text()=' Sign up ']
23:26:39 [Test worker] INFO  manager.MyListener - The element with locator ---> By.xpath: //a[text()=' Sign up ']was found
23:26:39 [Test worker] INFO  manager.MyListener - Something went wrong!!
23:26:39 [Test worker] INFO  manager.MyListener - Element <a class="navigation-link" href="/registration?url=%2Fsearch"> is not clickable at point (1041,34) because another element <div class="cdk-overlay-backdrop cdk-overlay-dark-backdrop cdk-overlay-backdrop-showing"> obscures it
Build info: version: '3.141.59', revision: 'e82be7d358', time: '2018-11-14T08:17:03'
System info: host: 'DESKTOP-5I9HDR9', ip: '192.168.1.18', os.name: 'Windows 10', os.arch: 'amd64', os.version: '10.0', java.version: '1.8.0_301'
Driver info: org.openqa.selenium.firefox.FirefoxDriver
Capabilities {acceptInsecureCerts: true, browserName: firefox, browserVersion: 94.0.1, javascriptEnabled: true, moz:accessibilityChecks: false, moz:buildID: 20211103134640, moz:geckodriverVersion: 0.28.0, moz:headless: false, moz:processID: 19520, moz:profile: C:\Users\User\AppData\Local..., moz:shutdownTimeout: 60000, moz:useNonSpecCompliantPointerOrigin: false, moz:webdriverClick: true, pageLoadStrategy: normal, platform: WINDOWS, platformName: WINDOWS, platformVersion: 10.0, proxy: Proxy(), setWindowRect: true, strictFileInteractability: false, timeouts: {implicit: 0, pageLoad: 300000, script: 30000}, unhandledPromptBehavior: dismiss and notify}
Session ID: 940b58f5-13fa-40cb-b2e0-79f53118d59c
23:26:39 [Test worker] INFO  manager.MyListener - org.openqa.selenium.ElementClickInterceptedException: Element <a class="navigation-link" href="/registration?url=%2Fsearch"> is not clickable at point (1041,34) because another element <div class="cdk-overlay-backdrop cdk-overlay-dark-backdrop cdk-overlay-backdrop-showing"> obscures it
Build info: version: '3.141.59', revision: 'e82be7d358', time: '2018-11-14T08:17:03'
System info: host: 'DESKTOP-5I9HDR9', ip: '192.168.1.18', os.name: 'Windows 10', os.arch: 'amd64', os.version: '10.0', java.version: '1.8.0_301'
Driver info: org.openqa.selenium.firefox.FirefoxDriver
Capabilities {acceptInsecureCerts: true, browserName: firefox, browserVersion: 94.0.1, javascriptEnabled: true, moz:accessibilityChecks: false, moz:buildID: 20211103134640, moz:geckodriverVersion: 0.28.0, moz:headless: false, moz:processID: 19520, moz:profile: C:\Users\User\AppData\Local..., moz:shutdownTimeout: 60000, moz:useNonSpecCompliantPointerOrigin: false, moz:webdriverClick: true, pageLoadStrategy: normal, platform: WINDOWS, platformName: WINDOWS, platformVersion: 10.0, proxy: Proxy(), setWindowRect: true, strictFileInteractability: false, timeouts: {implicit: 0, pageLoad: 300000, script: 30000}, unhandledPromptBehavior: dismiss and notify}
Session ID: 940b58f5-13fa-40cb-b2e0-79f53118d59c
23:26:40 [Test worker] INFO  manager.MyListener - This link to screenshot with error ---->src/test/screenshots/screenshot-1599.png
23:26:40 [Test worker] INFO  test.TestBase - **********************************
