21:42:07 [Test worker] INFO  manager.ApplicationManager - Tests starts on FireFox Driver
21:42:22 [Test worker] INFO  manager.ApplicationManager - Navigate to link ---> https://ilcarro.xyz/search
21:42:22 [Test worker] INFO  test.TestBase - Start test -->test
21:42:22 [Test worker] INFO  manager.MyListener - start search element by locator --->By.xpath: //a[text()=' Log in ']
21:42:23 [Test worker] INFO  manager.MyListener - The element with locator ---> By.xpath: //a[text()=' Log in ']was found
21:42:23 [Test worker] INFO  manager.NgListener - Start of test --->test
21:42:23 [Test worker] INFO  manager.MyListener - start search element by locator --->By.xpath: //a[text()=' Log in ']
21:42:23 [Test worker] INFO  manager.MyListener - The element with locator ---> By.xpath: //a[text()=' Log in ']was found
21:42:23 [Test worker] INFO  manager.MyListener - start search element by locator --->By.id: email
21:42:23 [Test worker] INFO  manager.MyListener - The element with locator ---> By.id: emailwas found
21:42:25 [Test worker] INFO  manager.MyListener - start search element by locator --->By.id: password
21:42:25 [Test worker] INFO  manager.MyListener - The element with locator ---> By.id: passwordwas found
21:42:26 [Test worker] INFO  manager.MyListener - start search element by locator --->By.cssSelector: [type='submit']
21:42:26 [Test worker] INFO  manager.MyListener - The element with locator ---> By.cssSelector: [type='submit']was found
21:42:26 [Test worker] INFO  manager.MyListener - start search element by locator --->By.xpath: //button[normalize-space()='Ok']
21:42:28 [Test worker] INFO  manager.MyListener - The element with locator ---> By.xpath: //button[normalize-space()='Ok']was found
21:42:29 [Test worker] INFO  manager.MyListener - start search element by locator --->By.xpath: //div[@class='dialog-container']
21:42:37 [Test worker] INFO  manager.MyListener - Something went wrong!!
21:42:37 [Test worker] INFO  manager.MyListener - Unable to locate element: //div[@class='dialog-container']
For documentation on this error, please visit: https://www.seleniumhq.org/exceptions/no_such_element.html
Build info: version: '3.141.59', revision: 'e82be7d358', time: '2018-11-14T08:17:03'
System info: host: 'DESKTOP-5I9HDR9', ip: '192.168.1.18', os.name: 'Windows 10', os.arch: 'amd64', os.version: '10.0', java.version: '1.8.0_301'
Driver info: org.openqa.selenium.firefox.FirefoxDriver
Capabilities {acceptInsecureCerts: true, browserName: firefox, browserVersion: 94.0.1, javascriptEnabled: true, moz:accessibilityChecks: false, moz:buildID: 20211103134640, moz:geckodriverVersion: 0.28.0, moz:headless: false, moz:processID: 9816, moz:profile: C:\Users\User\AppData\Local..., moz:shutdownTimeout: 60000, moz:useNonSpecCompliantPointerOrigin: false, moz:webdriverClick: true, pageLoadStrategy: normal, platform: WINDOWS, platformName: WINDOWS, platformVersion: 10.0, proxy: Proxy(), setWindowRect: true, strictFileInteractability: false, timeouts: {implicit: 0, pageLoad: 300000, script: 30000}, unhandledPromptBehavior: dismiss and notify}
Session ID: 249cfb3e-cd56-45e0-a315-b90e57854511
*** Element info: {Using=xpath, value=//div[@class='dialog-container']}
21:42:37 [Test worker] INFO  manager.MyListener - org.openqa.selenium.NoSuchElementException: Unable to locate element: //div[@class='dialog-container']
For documentation on this error, please visit: https://www.seleniumhq.org/exceptions/no_such_element.html
Build info: version: '3.141.59', revision: 'e82be7d358', time: '2018-11-14T08:17:03'
System info: host: 'DESKTOP-5I9HDR9', ip: '192.168.1.18', os.name: 'Windows 10', os.arch: 'amd64', os.version: '10.0', java.version: '1.8.0_301'
Driver info: org.openqa.selenium.firefox.FirefoxDriver
Capabilities {acceptInsecureCerts: true, browserName: firefox, browserVersion: 94.0.1, javascriptEnabled: true, moz:accessibilityChecks: false, moz:buildID: 20211103134640, moz:geckodriverVersion: 0.28.0, moz:headless: false, moz:processID: 9816, moz:profile: C:\Users\User\AppData\Local..., moz:shutdownTimeout: 60000, moz:useNonSpecCompliantPointerOrigin: false, moz:webdriverClick: true, pageLoadStrategy: normal, platform: WINDOWS, platformName: WINDOWS, platformVersion: 10.0, proxy: Proxy(), setWindowRect: true, strictFileInteractability: false, timeouts: {implicit: 0, pageLoad: 300000, script: 30000}, unhandledPromptBehavior: dismiss and notify}
Session ID: 249cfb3e-cd56-45e0-a315-b90e57854511
*** Element info: {Using=xpath, value=//div[@class='dialog-container']}
21:42:38 [Test worker] INFO  manager.MyListener - This link to screenshot with error ---->src/test/screenshots/screenshot-2557.png
21:42:38 [Test worker] INFO  manager.NgListener - Success test --->org.openqa.selenium.NoSuchElementException: Unable to locate element: //div[@class='dialog-container']
For documentation on this error, please visit: https://www.seleniumhq.org/exceptions/no_such_element.html
Build info: version: '3.141.59', revision: 'e82be7d358', time: '2018-11-14T08:17:03'
System info: host: 'DESKTOP-5I9HDR9', ip: '192.168.1.18', os.name: 'Windows 10', os.arch: 'amd64', os.version: '10.0', java.version: '1.8.0_301'
Driver info: org.openqa.selenium.firefox.FirefoxDriver
Capabilities {acceptInsecureCerts: true, browserName: firefox, browserVersion: 94.0.1, javascriptEnabled: true, moz:accessibilityChecks: false, moz:buildID: 20211103134640, moz:geckodriverVersion: 0.28.0, moz:headless: false, moz:processID: 9816, moz:profile: C:\Users\User\AppData\Local..., moz:shutdownTimeout: 60000, moz:useNonSpecCompliantPointerOrigin: false, moz:webdriverClick: true, pageLoadStrategy: normal, platform: WINDOWS, platformName: WINDOWS, platformVersion: 10.0, proxy: Proxy(), setWindowRect: true, strictFileInteractability: false, timeouts: {implicit: 0, pageLoad: 300000, script: 30000}, unhandledPromptBehavior: dismiss and notify}
Session ID: 249cfb3e-cd56-45e0-a315-b90e57854511
*** Element info: {Using=xpath, value=//div[@class='dialog-container']}
21:42:38 [Test worker] INFO  test.TestBase - **********************************
21:42:38 [Test worker] INFO  test.TestBase - Start test -->test
21:42:38 [Test worker] INFO  manager.MyListener - start search element by locator --->By.xpath: //a[text()=' Log in ']
21:42:46 [Test worker] INFO  manager.MyListener - The element with locator ---> By.xpath: //a[text()=' Log in ']was found
21:42:46 [Test worker] INFO  manager.MyListener - start search element by locator --->By.xpath: //a[text()=' Logout ']
21:42:46 [Test worker] INFO  manager.MyListener - The element with locator ---> By.xpath: //a[text()=' Logout ']was found
21:42:47 [Test worker] INFO  manager.NgListener - Start of test --->test
21:42:47 [Test worker] INFO  manager.MyListener - start search element by locator --->By.xpath: //a[text()=' Log in ']
21:42:47 [Test worker] INFO  manager.MyListener - The element with locator ---> By.xpath: //a[text()=' Log in ']was found
21:42:48 [Test worker] INFO  manager.MyListener - start search element by locator --->By.id: email
21:42:48 [Test worker] INFO  manager.MyListener - The element with locator ---> By.id: emailwas found
21:42:48 [Test worker] INFO  manager.MyListener - start search element by locator --->By.id: password
21:42:48 [Test worker] INFO  manager.MyListener - The element with locator ---> By.id: passwordwas found
21:42:49 [Test worker] INFO  manager.MyListener - start search element by locator --->By.cssSelector: [type='submit']
21:42:49 [Test worker] INFO  manager.MyListener - The element with locator ---> By.cssSelector: [type='submit']was found
21:42:49 [Test worker] INFO  manager.MyListener - start search element by locator --->By.xpath: //button[normalize-space()='Ok']
21:42:50 [Test worker] INFO  manager.MyListener - The element with locator ---> By.xpath: //button[normalize-space()='Ok']was found
21:42:50 [Test worker] INFO  manager.MyListener - start search element by locator --->By.xpath: //div[@class='dialog-container']
21:42:58 [Test worker] INFO  manager.MyListener - Something went wrong!!
21:42:58 [Test worker] INFO  manager.MyListener - Unable to locate element: //div[@class='dialog-container']
For documentation on this error, please visit: https://www.seleniumhq.org/exceptions/no_such_element.html
Build info: version: '3.141.59', revision: 'e82be7d358', time: '2018-11-14T08:17:03'
System info: host: 'DESKTOP-5I9HDR9', ip: '192.168.1.18', os.name: 'Windows 10', os.arch: 'amd64', os.version: '10.0', java.version: '1.8.0_301'
Driver info: org.openqa.selenium.firefox.FirefoxDriver
Capabilities {acceptInsecureCerts: true, browserName: firefox, browserVersion: 94.0.1, javascriptEnabled: true, moz:accessibilityChecks: false, moz:buildID: 20211103134640, moz:geckodriverVersion: 0.28.0, moz:headless: false, moz:processID: 9816, moz:profile: C:\Users\User\AppData\Local..., moz:shutdownTimeout: 60000, moz:useNonSpecCompliantPointerOrigin: false, moz:webdriverClick: true, pageLoadStrategy: normal, platform: WINDOWS, platformName: WINDOWS, platformVersion: 10.0, proxy: Proxy(), setWindowRect: true, strictFileInteractability: false, timeouts: {implicit: 0, pageLoad: 300000, script: 30000}, unhandledPromptBehavior: dismiss and notify}
Session ID: 249cfb3e-cd56-45e0-a315-b90e57854511
*** Element info: {Using=xpath, value=//div[@class='dialog-container']}
21:42:58 [Test worker] INFO  manager.MyListener - org.openqa.selenium.NoSuchElementException: Unable to locate element: //div[@class='dialog-container']
For documentation on this error, please visit: https://www.seleniumhq.org/exceptions/no_such_element.html
Build info: version: '3.141.59', revision: 'e82be7d358', time: '2018-11-14T08:17:03'
System info: host: 'DESKTOP-5I9HDR9', ip: '192.168.1.18', os.name: 'Windows 10', os.arch: 'amd64', os.version: '10.0', java.version: '1.8.0_301'
Driver info: org.openqa.selenium.firefox.FirefoxDriver
Capabilities {acceptInsecureCerts: true, browserName: firefox, browserVersion: 94.0.1, javascriptEnabled: true, moz:accessibilityChecks: false, moz:buildID: 20211103134640, moz:geckodriverVersion: 0.28.0, moz:headless: false, moz:processID: 9816, moz:profile: C:\Users\User\AppData\Local..., moz:shutdownTimeout: 60000, moz:useNonSpecCompliantPointerOrigin: false, moz:webdriverClick: true, pageLoadStrategy: normal, platform: WINDOWS, platformName: WINDOWS, platformVersion: 10.0, proxy: Proxy(), setWindowRect: true, strictFileInteractability: false, timeouts: {implicit: 0, pageLoad: 300000, script: 30000}, unhandledPromptBehavior: dismiss and notify}
Session ID: 249cfb3e-cd56-45e0-a315-b90e57854511
*** Element info: {Using=xpath, value=//div[@class='dialog-container']}
21:43:00 [Test worker] INFO  manager.MyListener - This link to screenshot with error ---->src/test/screenshots/screenshot-2578.png
21:43:00 [Test worker] INFO  manager.NgListener - Success test --->org.openqa.selenium.NoSuchElementException: Unable to locate element: //div[@class='dialog-container']
For documentation on this error, please visit: https://www.seleniumhq.org/exceptions/no_such_element.html
Build info: version: '3.141.59', revision: 'e82be7d358', time: '2018-11-14T08:17:03'
System info: host: 'DESKTOP-5I9HDR9', ip: '192.168.1.18', os.name: 'Windows 10', os.arch: 'amd64', os.version: '10.0', java.version: '1.8.0_301'
Driver info: org.openqa.selenium.firefox.FirefoxDriver
Capabilities {acceptInsecureCerts: true, browserName: firefox, browserVersion: 94.0.1, javascriptEnabled: true, moz:accessibilityChecks: false, moz:buildID: 20211103134640, moz:geckodriverVersion: 0.28.0, moz:headless: false, moz:processID: 9816, moz:profile: C:\Users\User\AppData\Local..., moz:shutdownTimeout: 60000, moz:useNonSpecCompliantPointerOrigin: false, moz:webdriverClick: true, pageLoadStrategy: normal, platform: WINDOWS, platformName: WINDOWS, platformVersion: 10.0, proxy: Proxy(), setWindowRect: true, strictFileInteractability: false, timeouts: {implicit: 0, pageLoad: 300000, script: 30000}, unhandledPromptBehavior: dismiss and notify}
Session ID: 249cfb3e-cd56-45e0-a315-b90e57854511
*** Element info: {Using=xpath, value=//div[@class='dialog-container']}
21:43:00 [Test worker] INFO  test.TestBase - **********************************
21:43:00 [Test worker] INFO  manager.ApplicationManager - The browser  has been closed
