19:10:19 [Test worker] INFO  manager.ApplicationManager - Tests starts on FireFox Driver
19:10:38 [Test worker] INFO  manager.ApplicationManager - Navigate to link ---> https://ilcarro.xyz/search
19:10:39 [Test worker] INFO  test.TestBase - Start test -->wrongEmailLogin
19:10:39 [Test worker] INFO  manager.MyListener - start search element by locator --->By.xpath: //a[text()=' Log in ']
19:10:39 [Test worker] INFO  manager.MyListener - The element with locator ---> By.xpath: //a[text()=' Log in ']was found
19:10:39 [Test worker] INFO  manager.NgListener - Start of test --->wrongEmailLogin
19:10:39 [Test worker] INFO  manager.MyListener - start search element by locator --->By.xpath: //a[text()=' Log in ']
19:10:39 [Test worker] INFO  manager.MyListener - The element with locator ---> By.xpath: //a[text()=' Log in ']was found
19:10:39 [Test worker] INFO  manager.MyListener - start search element by locator --->By.id: email
19:10:39 [Test worker] INFO  manager.MyListener - The element with locator ---> By.id: emailwas found
19:10:41 [Test worker] INFO  manager.MyListener - start search element by locator --->By.id: password
19:10:41 [Test worker] INFO  manager.MyListener - The element with locator ---> By.id: passwordwas found
19:10:41 [Test worker] INFO  manager.MyListener - start search element by locator --->By.xpath: //button[@disabled]
19:10:41 [Test worker] INFO  manager.MyListener - The element with locator ---> By.xpath: //button[@disabled]was found
19:10:41 [Test worker] INFO  manager.MyListener - start search element by locator --->By.xpath: //div[@class='ng-star-inserted']
19:10:49 [Test worker] INFO  manager.MyListener - The element with locator ---> By.xpath: //div[@class='ng-star-inserted']was found
19:10:49 [Test worker] INFO  manager.NgListener - Success test --->wrongEmailLogin
19:10:49 [Test worker] INFO  manager.MyListener - start search element by locator --->By.xpath: //button[text()='Ok']
19:10:57 [Test worker] INFO  manager.MyListener - The element with locator ---> By.xpath: //button[text()='Ok']was found
19:10:57 [Test worker] INFO  manager.MyListener - start search element by locator --->By.xpath: //button[text()='Ok']
19:11:06 [Test worker] INFO  manager.MyListener - Something went wrong!!
19:11:06 [Test worker] INFO  manager.MyListener - Unable to locate element: //button[text()='Ok']
For documentation on this error, please visit: https://www.seleniumhq.org/exceptions/no_such_element.html
Build info: version: '3.141.59', revision: 'e82be7d358', time: '2018-11-14T08:17:03'
System info: host: 'DESKTOP-5I9HDR9', ip: '192.168.1.18', os.name: 'Windows 10', os.arch: 'amd64', os.version: '10.0', java.version: '1.8.0_301'
Driver info: org.openqa.selenium.firefox.FirefoxDriver
Capabilities {acceptInsecureCerts: true, browserName: firefox, browserVersion: 94.0.1, javascriptEnabled: true, moz:accessibilityChecks: false, moz:buildID: 20211103134640, moz:geckodriverVersion: 0.28.0, moz:headless: false, moz:processID: 18044, moz:profile: C:\Users\User\AppData\Local..., moz:shutdownTimeout: 60000, moz:useNonSpecCompliantPointerOrigin: false, moz:webdriverClick: true, pageLoadStrategy: normal, platform: WINDOWS, platformName: WINDOWS, platformVersion: 10.0, proxy: Proxy(), setWindowRect: true, strictFileInteractability: false, timeouts: {implicit: 0, pageLoad: 300000, script: 30000}, unhandledPromptBehavior: dismiss and notify}
Session ID: 2a9c32e4-fc70-4f84-bafd-2c64b6224601
*** Element info: {Using=xpath, value=//button[text()='Ok']}
19:11:06 [Test worker] INFO  manager.MyListener - org.openqa.selenium.NoSuchElementException: Unable to locate element: //button[text()='Ok']
For documentation on this error, please visit: https://www.seleniumhq.org/exceptions/no_such_element.html
Build info: version: '3.141.59', revision: 'e82be7d358', time: '2018-11-14T08:17:03'
System info: host: 'DESKTOP-5I9HDR9', ip: '192.168.1.18', os.name: 'Windows 10', os.arch: 'amd64', os.version: '10.0', java.version: '1.8.0_301'
Driver info: org.openqa.selenium.firefox.FirefoxDriver
Capabilities {acceptInsecureCerts: true, browserName: firefox, browserVersion: 94.0.1, javascriptEnabled: true, moz:accessibilityChecks: false, moz:buildID: 20211103134640, moz:geckodriverVersion: 0.28.0, moz:headless: false, moz:processID: 18044, moz:profile: C:\Users\User\AppData\Local..., moz:shutdownTimeout: 60000, moz:useNonSpecCompliantPointerOrigin: false, moz:webdriverClick: true, pageLoadStrategy: normal, platform: WINDOWS, platformName: WINDOWS, platformVersion: 10.0, proxy: Proxy(), setWindowRect: true, strictFileInteractability: false, timeouts: {implicit: 0, pageLoad: 300000, script: 30000}, unhandledPromptBehavior: dismiss and notify}
Session ID: 2a9c32e4-fc70-4f84-bafd-2c64b6224601
*** Element info: {Using=xpath, value=//button[text()='Ok']}
19:11:08 [Test worker] INFO  manager.MyListener - This link to screenshot with error ---->src/test/screenshots/screenshot-666.png
