19:20:57 [Test worker] INFO  manager.ApplicationManager - Tests starts on FireFox Driver
19:21:12 [Test worker] INFO  manager.ApplicationManager - Navigate to link ---> https://ilcarro.xyz/search
19:21:13 [Test worker] INFO  test.TestBase - Start test -->notRegisteredUser
19:21:13 [Test worker] INFO  manager.MyListener - start search element by locator --->By.xpath: //a[text()=' Log in ']
19:21:13 [Test worker] INFO  manager.MyListener - The element with locator ---> By.xpath: //a[text()=' Log in ']was found
19:21:13 [Test worker] INFO  manager.NgListener - Start of test --->notRegisteredUser
19:21:13 [Test worker] INFO  manager.MyListener - start search element by locator --->By.xpath: //a[text()=' Log in ']
19:21:13 [Test worker] INFO  manager.MyListener - The element with locator ---> By.xpath: //a[text()=' Log in ']was found
19:21:14 [Test worker] INFO  manager.MyListener - start search element by locator --->By.id: email
19:21:14 [Test worker] INFO  manager.MyListener - The element with locator ---> By.id: emailwas found
19:21:15 [Test worker] INFO  manager.MyListener - start search element by locator --->By.id: password
19:21:15 [Test worker] INFO  manager.MyListener - The element with locator ---> By.id: passwordwas found
19:21:16 [Test worker] INFO  manager.MyListener - start search element by locator --->By.cssSelector: [type='submit']
19:21:16 [Test worker] INFO  manager.MyListener - The element with locator ---> By.cssSelector: [type='submit']was found
19:21:16 [Test worker] INFO  manager.MyListener - start search element by locator --->By.xpath: //div[@class='header']//a[@class='logo']
19:21:16 [Test worker] INFO  manager.MyListener - The element with locator ---> By.xpath: //div[@class='header']//a[@class='logo']was found
19:21:20 [Test worker] INFO  manager.MyListener - start search element by locator --->By.cssSelector: .dialog-container
19:21:28 [Test worker] INFO  manager.MyListener - Something went wrong!!
19:21:28 [Test worker] INFO  manager.MyListener - Unable to locate element: .dialog-container
For documentation on this error, please visit: https://www.seleniumhq.org/exceptions/no_such_element.html
Build info: version: '3.141.59', revision: 'e82be7d358', time: '2018-11-14T08:17:03'
System info: host: 'DESKTOP-5I9HDR9', ip: '192.168.1.18', os.name: 'Windows 10', os.arch: 'amd64', os.version: '10.0', java.version: '1.8.0_301'
Driver info: org.openqa.selenium.firefox.FirefoxDriver
Capabilities {acceptInsecureCerts: true, browserName: firefox, browserVersion: 94.0.1, javascriptEnabled: true, moz:accessibilityChecks: false, moz:buildID: 20211103134640, moz:geckodriverVersion: 0.28.0, moz:headless: false, moz:processID: 18408, moz:profile: C:\Users\User\AppData\Local..., moz:shutdownTimeout: 60000, moz:useNonSpecCompliantPointerOrigin: false, moz:webdriverClick: true, pageLoadStrategy: normal, platform: WINDOWS, platformName: WINDOWS, platformVersion: 10.0, proxy: Proxy(), setWindowRect: true, strictFileInteractability: false, timeouts: {implicit: 0, pageLoad: 300000, script: 30000}, unhandledPromptBehavior: dismiss and notify}
Session ID: 10bedb50-861f-49af-bf0e-60cc3e920c97
*** Element info: {Using=css selector, value=.dialog-container}
19:21:28 [Test worker] INFO  manager.MyListener - org.openqa.selenium.NoSuchElementException: Unable to locate element: .dialog-container
For documentation on this error, please visit: https://www.seleniumhq.org/exceptions/no_such_element.html
Build info: version: '3.141.59', revision: 'e82be7d358', time: '2018-11-14T08:17:03'
System info: host: 'DESKTOP-5I9HDR9', ip: '192.168.1.18', os.name: 'Windows 10', os.arch: 'amd64', os.version: '10.0', java.version: '1.8.0_301'
Driver info: org.openqa.selenium.firefox.FirefoxDriver
Capabilities {acceptInsecureCerts: true, browserName: firefox, browserVersion: 94.0.1, javascriptEnabled: true, moz:accessibilityChecks: false, moz:buildID: 20211103134640, moz:geckodriverVersion: 0.28.0, moz:headless: false, moz:processID: 18408, moz:profile: C:\Users\User\AppData\Local..., moz:shutdownTimeout: 60000, moz:useNonSpecCompliantPointerOrigin: false, moz:webdriverClick: true, pageLoadStrategy: normal, platform: WINDOWS, platformName: WINDOWS, platformVersion: 10.0, proxy: Proxy(), setWindowRect: true, strictFileInteractability: false, timeouts: {implicit: 0, pageLoad: 300000, script: 30000}, unhandledPromptBehavior: dismiss and notify}
Session ID: 10bedb50-861f-49af-bf0e-60cc3e920c97
*** Element info: {Using=css selector, value=.dialog-container}
19:21:29 [Test worker] INFO  manager.MyListener - This link to screenshot with error ---->src/test/screenshots/screenshot-1288.png
19:21:29 [Test worker] INFO  manager.NgListener - Success test --->org.openqa.selenium.NoSuchElementException: Unable to locate element: .dialog-container
For documentation on this error, please visit: https://www.seleniumhq.org/exceptions/no_such_element.html
Build info: version: '3.141.59', revision: 'e82be7d358', time: '2018-11-14T08:17:03'
System info: host: 'DESKTOP-5I9HDR9', ip: '192.168.1.18', os.name: 'Windows 10', os.arch: 'amd64', os.version: '10.0', java.version: '1.8.0_301'
Driver info: org.openqa.selenium.firefox.FirefoxDriver
Capabilities {acceptInsecureCerts: true, browserName: firefox, browserVersion: 94.0.1, javascriptEnabled: true, moz:accessibilityChecks: false, moz:buildID: 20211103134640, moz:geckodriverVersion: 0.28.0, moz:headless: false, moz:processID: 18408, moz:profile: C:\Users\User\AppData\Local..., moz:shutdownTimeout: 60000, moz:useNonSpecCompliantPointerOrigin: false, moz:webdriverClick: true, pageLoadStrategy: normal, platform: WINDOWS, platformName: WINDOWS, platformVersion: 10.0, proxy: Proxy(), setWindowRect: true, strictFileInteractability: false, timeouts: {implicit: 0, pageLoad: 300000, script: 30000}, unhandledPromptBehavior: dismiss and notify}
Session ID: 10bedb50-861f-49af-bf0e-60cc3e920c97
*** Element info: {Using=css selector, value=.dialog-container}
19:21:29 [Test worker] INFO  manager.MyListener - start search element by locator --->By.xpath: //button[text()='Ok']
19:21:38 [Test worker] INFO  manager.MyListener - The element with locator ---> By.xpath: //button[text()='Ok']was found
19:21:38 [Test worker] INFO  manager.MyListener - start search element by locator --->By.xpath: //button[text()='Ok']
19:21:46 [Test worker] INFO  manager.MyListener - Something went wrong!!
19:21:46 [Test worker] INFO  manager.MyListener - Unable to locate element: //button[text()='Ok']
For documentation on this error, please visit: https://www.seleniumhq.org/exceptions/no_such_element.html
Build info: version: '3.141.59', revision: 'e82be7d358', time: '2018-11-14T08:17:03'
System info: host: 'DESKTOP-5I9HDR9', ip: '192.168.1.18', os.name: 'Windows 10', os.arch: 'amd64', os.version: '10.0', java.version: '1.8.0_301'
Driver info: org.openqa.selenium.firefox.FirefoxDriver
Capabilities {acceptInsecureCerts: true, browserName: firefox, browserVersion: 94.0.1, javascriptEnabled: true, moz:accessibilityChecks: false, moz:buildID: 20211103134640, moz:geckodriverVersion: 0.28.0, moz:headless: false, moz:processID: 18408, moz:profile: C:\Users\User\AppData\Local..., moz:shutdownTimeout: 60000, moz:useNonSpecCompliantPointerOrigin: false, moz:webdriverClick: true, pageLoadStrategy: normal, platform: WINDOWS, platformName: WINDOWS, platformVersion: 10.0, proxy: Proxy(), setWindowRect: true, strictFileInteractability: false, timeouts: {implicit: 0, pageLoad: 300000, script: 30000}, unhandledPromptBehavior: dismiss and notify}
Session ID: 10bedb50-861f-49af-bf0e-60cc3e920c97
*** Element info: {Using=xpath, value=//button[text()='Ok']}
19:21:46 [Test worker] INFO  manager.MyListener - org.openqa.selenium.NoSuchElementException: Unable to locate element: //button[text()='Ok']
For documentation on this error, please visit: https://www.seleniumhq.org/exceptions/no_such_element.html
Build info: version: '3.141.59', revision: 'e82be7d358', time: '2018-11-14T08:17:03'
System info: host: 'DESKTOP-5I9HDR9', ip: '192.168.1.18', os.name: 'Windows 10', os.arch: 'amd64', os.version: '10.0', java.version: '1.8.0_301'
Driver info: org.openqa.selenium.firefox.FirefoxDriver
Capabilities {acceptInsecureCerts: true, browserName: firefox, browserVersion: 94.0.1, javascriptEnabled: true, moz:accessibilityChecks: false, moz:buildID: 20211103134640, moz:geckodriverVersion: 0.28.0, moz:headless: false, moz:processID: 18408, moz:profile: C:\Users\User\AppData\Local..., moz:shutdownTimeout: 60000, moz:useNonSpecCompliantPointerOrigin: false, moz:webdriverClick: true, pageLoadStrategy: normal, platform: WINDOWS, platformName: WINDOWS, platformVersion: 10.0, proxy: Proxy(), setWindowRect: true, strictFileInteractability: false, timeouts: {implicit: 0, pageLoad: 300000, script: 30000}, unhandledPromptBehavior: dismiss and notify}
Session ID: 10bedb50-861f-49af-bf0e-60cc3e920c97
*** Element info: {Using=xpath, value=//button[text()='Ok']}
19:21:47 [Test worker] INFO  manager.MyListener - This link to screenshot with error ---->src/test/screenshots/screenshot-1306.png
19:21:47 [Test worker] INFO  manager.MyListener - start search element by locator --->By.xpath: //a[text()=' Log in ']
19:21:47 [Test worker] INFO  manager.MyListener - The element with locator ---> By.xpath: //a[text()=' Log in ']was found
19:21:47 [Test worker] INFO  manager.NgListener - Start of test --->test
19:21:47 [Test worker] INFO  manager.MyListener - start search element by locator --->By.xpath: //a[text()=' Log in ']
19:21:47 [Test worker] INFO  manager.MyListener - The element with locator ---> By.xpath: //a[text()=' Log in ']was found
19:21:47 [Test worker] INFO  manager.NgListener - Start of test --->test
19:21:48 [Test worker] INFO  manager.MyListener - start search element by locator --->By.xpath: //a[text()=' Log in ']
19:21:48 [Test worker] INFO  manager.MyListener - The element with locator ---> By.xpath: //a[text()=' Log in ']was found
19:21:48 [Test worker] INFO  manager.NgListener - Start of test --->test2
19:21:48 [Test worker] INFO  manager.MyListener - start search element by locator --->By.xpath: //a[text()=' Log in ']
19:21:48 [Test worker] INFO  manager.MyListener - The element with locator ---> By.xpath: //a[text()=' Log in ']was found
19:21:48 [Test worker] INFO  manager.NgListener - Start of test --->test2
19:21:48 [Test worker] INFO  manager.MyListener - start search element by locator --->By.xpath: //a[text()=' Log in ']
19:21:48 [Test worker] INFO  manager.MyListener - The element with locator ---> By.xpath: //a[text()=' Log in ']was found
19:21:48 [Test worker] INFO  manager.NgListener - Start of test --->test2
19:21:48 [Test worker] INFO  manager.MyListener - start search element by locator --->By.xpath: //a[text()=' Log in ']
19:21:48 [Test worker] INFO  manager.MyListener - The element with locator ---> By.xpath: //a[text()=' Log in ']was found
19:21:48 [Test worker] INFO  manager.NgListener - Start of test --->wrongEmailLogin
19:21:48 [Test worker] INFO  manager.MyListener - start search element by locator --->By.xpath: //a[text()=' Log in ']
19:21:48 [Test worker] INFO  manager.MyListener - The element with locator ---> By.xpath: //a[text()=' Log in ']was found
19:21:48 [Test worker] INFO  manager.NgListener - Start of test --->wrongPasswordLogin
