23:23:10 [Test worker] INFO  manager.ApplicationManager - Tests starts on FireFox Driver
23:23:26 [Test worker] INFO  manager.ApplicationManager - Navigate to link ---> https://ilcarro.xyz/search
23:23:26 [Test worker] INFO  test.TestBase - Start test -->registrationPositiveTest
23:23:26 [Test worker] INFO  manager.MyListener - start search element by locator --->By.xpath: //a[text()=' Sign up ']
23:23:26 [Test worker] INFO  manager.MyListener - The element with locator ---> By.xpath: //a[text()=' Sign up ']was found
23:23:27 [Test worker] INFO  manager.MyListener - start search element by locator --->By.id: name
23:23:27 [Test worker] INFO  manager.MyListener - The element with locator ---> By.id: namewas found
23:23:28 [Test worker] INFO  manager.MyListener - start search element by locator --->By.id: lastName
23:23:28 [Test worker] INFO  manager.MyListener - The element with locator ---> By.id: lastNamewas found
23:23:28 [Test worker] INFO  manager.MyListener - start search element by locator --->By.id: email
23:23:28 [Test worker] INFO  manager.MyListener - The element with locator ---> By.id: emailwas found
23:23:29 [Test worker] INFO  manager.MyListener - start search element by locator --->By.id: password
23:23:29 [Test worker] INFO  manager.MyListener - The element with locator ---> By.id: passwordwas found
23:23:29 [Test worker] INFO  manager.MyListener - start search element by locator --->By.cssSelector: label[for='terms-of-use']
23:23:29 [Test worker] INFO  manager.MyListener - The element with locator ---> By.cssSelector: label[for='terms-of-use']was found
23:23:30 [Test worker] INFO  manager.MyListener - start search element by locator --->By.cssSelector: .checkbox-container
23:23:30 [Test worker] INFO  manager.MyListener - The element with locator ---> By.cssSelector: .checkbox-containerwas found
23:23:30 [Test worker] INFO  manager.MyListener - start search element by locator --->By.cssSelector: [type='submit']
23:23:30 [Test worker] INFO  manager.MyListener - The element with locator ---> By.cssSelector: [type='submit']was found
23:23:31 [Test worker] INFO  manager.MyListener - start search element by locator --->By.className: dialog-container
23:23:39 [Test worker] INFO  manager.MyListener - Something went wrong!!
23:23:39 [Test worker] INFO  manager.MyListener - Unable to locate element: .dialog\-container
For documentation on this error, please visit: https://www.seleniumhq.org/exceptions/no_such_element.html
Build info: version: '3.141.59', revision: 'e82be7d358', time: '2018-11-14T08:17:03'
System info: host: 'DESKTOP-5I9HDR9', ip: '192.168.1.18', os.name: 'Windows 10', os.arch: 'amd64', os.version: '10.0', java.version: '1.8.0_301'
Driver info: org.openqa.selenium.firefox.FirefoxDriver
Capabilities {acceptInsecureCerts: true, browserName: firefox, browserVersion: 94.0.1, javascriptEnabled: true, moz:accessibilityChecks: false, moz:buildID: 20211103134640, moz:geckodriverVersion: 0.28.0, moz:headless: false, moz:processID: 22136, moz:profile: C:\Users\User\AppData\Local..., moz:shutdownTimeout: 60000, moz:useNonSpecCompliantPointerOrigin: false, moz:webdriverClick: true, pageLoadStrategy: normal, platform: WINDOWS, platformName: WINDOWS, platformVersion: 10.0, proxy: Proxy(), setWindowRect: true, strictFileInteractability: false, timeouts: {implicit: 0, pageLoad: 300000, script: 30000}, unhandledPromptBehavior: dismiss and notify}
Session ID: faef72c5-07e7-4512-bc2d-83ae9672f53d
*** Element info: {Using=class name, value=dialog-container}
23:23:39 [Test worker] INFO  manager.MyListener - org.openqa.selenium.NoSuchElementException: Unable to locate element: .dialog\-container
For documentation on this error, please visit: https://www.seleniumhq.org/exceptions/no_such_element.html
Build info: version: '3.141.59', revision: 'e82be7d358', time: '2018-11-14T08:17:03'
System info: host: 'DESKTOP-5I9HDR9', ip: '192.168.1.18', os.name: 'Windows 10', os.arch: 'amd64', os.version: '10.0', java.version: '1.8.0_301'
Driver info: org.openqa.selenium.firefox.FirefoxDriver
Capabilities {acceptInsecureCerts: true, browserName: firefox, browserVersion: 94.0.1, javascriptEnabled: true, moz:accessibilityChecks: false, moz:buildID: 20211103134640, moz:geckodriverVersion: 0.28.0, moz:headless: false, moz:processID: 22136, moz:profile: C:\Users\User\AppData\Local..., moz:shutdownTimeout: 60000, moz:useNonSpecCompliantPointerOrigin: false, moz:webdriverClick: true, pageLoadStrategy: normal, platform: WINDOWS, platformName: WINDOWS, platformVersion: 10.0, proxy: Proxy(), setWindowRect: true, strictFileInteractability: false, timeouts: {implicit: 0, pageLoad: 300000, script: 30000}, unhandledPromptBehavior: dismiss and notify}
Session ID: faef72c5-07e7-4512-bc2d-83ae9672f53d
*** Element info: {Using=class name, value=dialog-container}
23:23:40 [Test worker] INFO  manager.MyListener - This link to screenshot with error ---->src/test/screenshots/screenshot-1419.png
23:23:40 [Test worker] INFO  test.TestBase - **********************************
23:23:40 [Test worker] INFO  test.TestBase - Start test -->registrationPositiveTest
23:23:40 [Test worker] INFO  manager.MyListener - start search element by locator --->By.xpath: //a[text()=' Sign up ']
23:23:40 [Test worker] INFO  manager.MyListener - The element with locator ---> By.xpath: //a[text()=' Sign up ']was found
23:23:41 [Test worker] INFO  manager.MyListener - start search element by locator --->By.id: name
23:23:41 [Test worker] INFO  manager.MyListener - The element with locator ---> By.id: namewas found
23:23:41 [Test worker] INFO  manager.MyListener - Something went wrong!!
23:23:41 [Test worker] INFO  manager.MyListener - Element <input id="name" class="ng-dirty ng-valid ng-touched" type="text"> is not clickable at point (1081,280) because another element <div class="login-registration-progress-container"> obscures it
Build info: version: '3.141.59', revision: 'e82be7d358', time: '2018-11-14T08:17:03'
System info: host: 'DESKTOP-5I9HDR9', ip: '192.168.1.18', os.name: 'Windows 10', os.arch: 'amd64', os.version: '10.0', java.version: '1.8.0_301'
Driver info: org.openqa.selenium.firefox.FirefoxDriver
Capabilities {acceptInsecureCerts: true, browserName: firefox, browserVersion: 94.0.1, javascriptEnabled: true, moz:accessibilityChecks: false, moz:buildID: 20211103134640, moz:geckodriverVersion: 0.28.0, moz:headless: false, moz:processID: 22136, moz:profile: C:\Users\User\AppData\Local..., moz:shutdownTimeout: 60000, moz:useNonSpecCompliantPointerOrigin: false, moz:webdriverClick: true, pageLoadStrategy: normal, platform: WINDOWS, platformName: WINDOWS, platformVersion: 10.0, proxy: Proxy(), setWindowRect: true, strictFileInteractability: false, timeouts: {implicit: 0, pageLoad: 300000, script: 30000}, unhandledPromptBehavior: dismiss and notify}
Session ID: faef72c5-07e7-4512-bc2d-83ae9672f53d
23:23:41 [Test worker] INFO  manager.MyListener - org.openqa.selenium.ElementClickInterceptedException: Element <input id="name" class="ng-dirty ng-valid ng-touched" type="text"> is not clickable at point (1081,280) because another element <div class="login-registration-progress-container"> obscures it
Build info: version: '3.141.59', revision: 'e82be7d358', time: '2018-11-14T08:17:03'
System info: host: 'DESKTOP-5I9HDR9', ip: '192.168.1.18', os.name: 'Windows 10', os.arch: 'amd64', os.version: '10.0', java.version: '1.8.0_301'
Driver info: org.openqa.selenium.firefox.FirefoxDriver
Capabilities {acceptInsecureCerts: true, browserName: firefox, browserVersion: 94.0.1, javascriptEnabled: true, moz:accessibilityChecks: false, moz:buildID: 20211103134640, moz:geckodriverVersion: 0.28.0, moz:headless: false, moz:processID: 22136, moz:profile: C:\Users\User\AppData\Local..., moz:shutdownTimeout: 60000, moz:useNonSpecCompliantPointerOrigin: false, moz:webdriverClick: true, pageLoadStrategy: normal, platform: WINDOWS, platformName: WINDOWS, platformVersion: 10.0, proxy: Proxy(), setWindowRect: true, strictFileInteractability: false, timeouts: {implicit: 0, pageLoad: 300000, script: 30000}, unhandledPromptBehavior: dismiss and notify}
Session ID: faef72c5-07e7-4512-bc2d-83ae9672f53d
23:23:44 [Test worker] INFO  manager.MyListener - This link to screenshot with error ---->src/test/screenshots/screenshot-1421.png
23:23:44 [Test worker] INFO  test.TestBase - **********************************
23:23:45 [Test worker] INFO  test.TestBase - Start test -->registrationPositiveTest
23:23:45 [Test worker] INFO  manager.MyListener - start search element by locator --->By.xpath: //a[text()=' Sign up ']
23:23:45 [Test worker] INFO  manager.MyListener - The element with locator ---> By.xpath: //a[text()=' Sign up ']was found
23:23:45 [Test worker] INFO  manager.MyListener - start search element by locator --->By.id: name
23:23:45 [Test worker] INFO  manager.MyListener - The element with locator ---> By.id: namewas found
23:23:45 [Test worker] INFO  manager.MyListener - Something went wrong!!
23:23:45 [Test worker] INFO  manager.MyListener - Element <input id="name" class="ng-dirty ng-valid ng-touched" type="text"> is not clickable at point (1081,280) because another element <div class="login-registration-progress-container"> obscures it
Build info: version: '3.141.59', revision: 'e82be7d358', time: '2018-11-14T08:17:03'
System info: host: 'DESKTOP-5I9HDR9', ip: '192.168.1.18', os.name: 'Windows 10', os.arch: 'amd64', os.version: '10.0', java.version: '1.8.0_301'
Driver info: org.openqa.selenium.firefox.FirefoxDriver
Capabilities {acceptInsecureCerts: true, browserName: firefox, browserVersion: 94.0.1, javascriptEnabled: true, moz:accessibilityChecks: false, moz:buildID: 20211103134640, moz:geckodriverVersion: 0.28.0, moz:headless: false, moz:processID: 22136, moz:profile: C:\Users\User\AppData\Local..., moz:shutdownTimeout: 60000, moz:useNonSpecCompliantPointerOrigin: false, moz:webdriverClick: true, pageLoadStrategy: normal, platform: WINDOWS, platformName: WINDOWS, platformVersion: 10.0, proxy: Proxy(), setWindowRect: true, strictFileInteractability: false, timeouts: {implicit: 0, pageLoad: 300000, script: 30000}, unhandledPromptBehavior: dismiss and notify}
Session ID: faef72c5-07e7-4512-bc2d-83ae9672f53d
23:23:45 [Test worker] INFO  manager.MyListener - org.openqa.selenium.ElementClickInterceptedException: Element <input id="name" class="ng-dirty ng-valid ng-touched" type="text"> is not clickable at point (1081,280) because another element <div class="login-registration-progress-container"> obscures it
Build info: version: '3.141.59', revision: 'e82be7d358', time: '2018-11-14T08:17:03'
System info: host: 'DESKTOP-5I9HDR9', ip: '192.168.1.18', os.name: 'Windows 10', os.arch: 'amd64', os.version: '10.0', java.version: '1.8.0_301'
Driver info: org.openqa.selenium.firefox.FirefoxDriver
Capabilities {acceptInsecureCerts: true, browserName: firefox, browserVersion: 94.0.1, javascriptEnabled: true, moz:accessibilityChecks: false, moz:buildID: 20211103134640, moz:geckodriverVersion: 0.28.0, moz:headless: false, moz:processID: 22136, moz:profile: C:\Users\User\AppData\Local..., moz:shutdownTimeout: 60000, moz:useNonSpecCompliantPointerOrigin: false, moz:webdriverClick: true, pageLoadStrategy: normal, platform: WINDOWS, platformName: WINDOWS, platformVersion: 10.0, proxy: Proxy(), setWindowRect: true, strictFileInteractability: false, timeouts: {implicit: 0, pageLoad: 300000, script: 30000}, unhandledPromptBehavior: dismiss and notify}
Session ID: faef72c5-07e7-4512-bc2d-83ae9672f53d
23:23:47 [Test worker] INFO  manager.MyListener - This link to screenshot with error ---->src/test/screenshots/screenshot-1425.png
23:23:47 [Test worker] INFO  test.TestBase - **********************************
